<?xml version="1.0" encoding="utf-8"?>
<TestRun id="875e6bb6-16f3-4b2a-9c46-34d170f5a022" name="runneradmin@runnervmxu3fp 2026-04-20 20:14:17" runUser="runnervmxu3fp\runneradmin" xmlns="http://microsoft.com/schemas/VisualStudio/TeamTest/2010">
  <Times creation="2026-04-20T20:14:17.0925516+00:00" queuing="2026-04-20T20:14:17.0925518+00:00" start="2026-04-20T20:14:15.0792096+00:00" finish="2026-04-20T20:14:39.9145292+00:00" />
  <TestSettings name="default" id="b0a8eb5a-d030-432a-952d-397b205c2d8b">
    <Deployment runDeploymentRoot="runneradmin_runnervmxu3fp_2026-04-20_20_14_17" />
  </TestSettings>
  <Results>
    <UnitTestResult executionId="03b4e544-721c-4d8d-95fb-9d4b6fa5366a" testId="1beb0e29-863a-8abb-bb66-89eac6971afc" testName="Authenticated (WSHttps,Core,Ubuntu)" computerName="runnervmxu3fp" duration="00:00:00.0424006" startTime="2026-04-20T20:14:35.7672779+00:00" endTime="2026-04-20T20:14:35.8097183+00:00" testType="13cdc9d9-ddb5-4fa4-a97d-d965ccfc6d4b" outcome="Failed" testListId="8c84fa94-04c1-424b-9868-57a2d4851a1d" relativeResultsDirectory="03b4e544-721c-4d8d-95fb-9d4b6fa5366a">
      <Output>
        <ErrorInfo>
          <Message>Test method FuseCP.Server.Tests.Tests.Authenticated threw exception:&#xD;
System.ArgumentException: Arguments contain invalid shell meta characters. (Parameter 'cmd')</Message>
          <StackTrace>   at FuseCP.Providers.OS.Shell.ExecAsync(String cmd, Encoding encoding, Dictionary`2 environment) in D:\a\FuseCP\FuseCP\FuseCP\Sources\FuseCP.Providers.Base\OS\Shell.cs:line 300&#xD;
   at FuseCP.Tests.Kestrel..ctor(Component component, ValueTuple`2[] urls, WSLDistro wslDistro, Scheme readinessProtocol) in D:\a\FuseCP\FuseCP\FuseCP\Sources\FuseCP.Tests\Initialization\Kestrel.cs:line 43&#xD;
   at FuseCP.Tests.Servers.Start(ValueTuple`4 type) in D:\a\FuseCP\FuseCP\FuseCP\Sources\FuseCP.Tests\Initialization\Servers.cs:line 216&#xD;
   at FuseCP.Tests.Servers.Url(Component component, Framework framework, Os os, Protocols protocol) in D:\a\FuseCP\FuseCP\FuseCP\Sources\FuseCP.Tests\Initialization\Servers.cs:line 257&#xD;
   at FuseCP.Server.Tests.Tests.Authenticated(Protocols protocol, Framework framework, Os os) in D:\a\FuseCP\FuseCP\FuseCP\Sources\FuseCP.Server.Tests\Tests\Tests.cs:line 278&#xD;
   at InvokeStub_Tests.Authenticated(Object, Span`1)&#xD;
   at System.Reflection.MethodBaseInvoker.InvokeWithFewArgs(Object obj, BindingFlags invokeAttr, Binder binder, Object[] parameters, CultureInfo culture)&#xD;
</StackTrace>
        </ErrorInfo>
      </Output>
    </UnitTestResult>
    <UnitTestResult executionId="96917631-d3d7-4327-b9d2-c33a71c3d3bf" testId="1b6b492c-d927-8c06-a65c-841e3718a64a" testName="AnonymousWithSoapHeader (BasicHttps,Core,Windows)" computerName="runnervmxu3fp" duration="00:00:00.4296136" startTime="2026-04-20T20:14:30.0362227+00:00" endTime="2026-04-20T20:14:30.4659102+00:00" testType="13cdc9d9-ddb5-4fa4-a97d-d965ccfc6d4b" outcome="Failed" testListId="8c84fa94-04c1-424b-9868-57a2d4851a1d" relativeResultsDirectory="96917631-d3d7-4327-b9d2-c33a71c3d3bf">
      <Output>
        <StdOut>Windows&gt;dotnet dev-certs httpsWindows/Kestrel&gt;A valid HTTPS certificate is already present.&#xD;
Windows&gt;"C:\Program Files\dotnet\dotnet.exe" "D:\a\FuseCP\FuseCP\FuseCP\Sources\FuseCP.Server\bin_dotnet\FuseCP.Server.dll" --urls "http://localhost:9005;https://localhost:9055"</StdOut>
        <ErrorInfo>
          <Message>Test method FuseCP.Server.Tests.Tests.AnonymousWithSoapHeader threw exception:&#xD;
System.ArgumentException: Arguments contain invalid shell meta characters. (Parameter 'cmd')</Message>
          <StackTrace>   at FuseCP.Providers.OS.Shell.ExecAsync(String cmd, Encoding encoding, Dictionary`2 environment) in D:\a\FuseCP\FuseCP\FuseCP\Sources\FuseCP.Providers.Base\OS\Shell.cs:line 300&#xD;
   at FuseCP.Tests.Kestrel..ctor(Component component, ValueTuple`2[] urls, WSLDistro wslDistro, Scheme readinessProtocol) in D:\a\FuseCP\FuseCP\FuseCP\Sources\FuseCP.Tests\Initialization\Kestrel.cs:line 127&#xD;
   at FuseCP.Tests.Servers.Start(ValueTuple`4 type) in D:\a\FuseCP\FuseCP\FuseCP\Sources\FuseCP.Tests\Initialization\Servers.cs:line 211&#xD;
   at FuseCP.Tests.Servers.Url(ValueTuple`4 type) in D:\a\FuseCP\FuseCP\FuseCP\Sources\FuseCP.Tests\Initialization\Servers.cs:line 240&#xD;
   at FuseCP.Tests.Servers.Url(Component component, Framework framework, Os os, Protocols protocol) in D:\a\FuseCP\FuseCP\FuseCP\Sources\FuseCP.Tests\Initialization\Servers.cs:line 257&#xD;
   at FuseCP.Server.Tests.Tests.AnonymousWithSoapHeader(Protocols protocol, Framework framework, Os os) in D:\a\FuseCP\FuseCP\FuseCP\Sources\FuseCP.Server.Tests\Tests\Tests.cs:line 204&#xD;
   at InvokeStub_Tests.AnonymousWithSoapHeader(Object, Span`1)&#xD;
   at System.Reflection.MethodBaseInvoker.InvokeWithFewArgs(Object obj, BindingFlags invokeAttr, Binder binder, Object[] parameters, CultureInfo culture)&#xD;
</StackTrace>
        </ErrorInfo>
      </Output>
    </UnitTestResult>
    <UnitTestResult executionId="3ec1819e-fa06-4d87-b741-0c21263cc17d" testId="1bb6b8f7-a56a-85c9-8c20-796c0ee072c2" testName="WrongPassword (BasicHttps,Core,Windows)" computerName="runnervmxu3fp" duration="00:00:00.3912637" startTime="2026-04-20T20:14:37.7905009+00:00" endTime="2026-04-20T20:14:38.1818120+00:00" testType="13cdc9d9-ddb5-4fa4-a97d-d965ccfc6d4b" outcome="Failed" testListId="8c84fa94-04c1-424b-9868-57a2d4851a1d" relativeResultsDirectory="3ec1819e-fa06-4d87-b741-0c21263cc17d">
      <Output>
        <StdOut>Windows&gt;dotnet dev-certs httpsWindows/Kestrel&gt;A valid HTTPS certificate is already present.&#xD;
Windows&gt;"C:\Program Files\dotnet\dotnet.exe" "D:\a\FuseCP\FuseCP\FuseCP\Sources\FuseCP.Server\bin_dotnet\FuseCP.Server.dll" --urls "http://localhost:9005;https://localhost:9055"</StdOut>
        <ErrorInfo>
          <Message>Test method FuseCP.Server.Tests.Tests.WrongPassword threw exception:&#xD;
System.ArgumentException: Arguments contain invalid shell meta characters. (Parameter 'cmd')</Message>
          <StackTrace>   at FuseCP.Providers.OS.Shell.ExecAsync(String cmd, Encoding encoding, Dictionary`2 environment) in D:\a\FuseCP\FuseCP\FuseCP\Sources\FuseCP.Providers.Base\OS\Shell.cs:line 300&#xD;
   at FuseCP.Tests.Kestrel..ctor(Component component, ValueTuple`2[] urls, WSLDistro wslDistro, Scheme readinessProtocol) in D:\a\FuseCP\FuseCP\FuseCP\Sources\FuseCP.Tests\Initialization\Kestrel.cs:line 43&#xD;
   at FuseCP.Tests.Servers.Start(ValueTuple`4 type) in D:\a\FuseCP\FuseCP\FuseCP\Sources\FuseCP.Tests\Initialization\Servers.cs:line 211&#xD;
   at FuseCP.Tests.Servers.Url(Component component, Framework framework, Os os, Protocols protocol) in D:\a\FuseCP\FuseCP\FuseCP\Sources\FuseCP.Tests\Initialization\Servers.cs:line 257&#xD;
   at FuseCP.Server.Tests.Tests.WrongPassword(Protocols protocol, Framework framework, Os os) in D:\a\FuseCP\FuseCP\FuseCP\Sources\FuseCP.Server.Tests\Tests\Tests.cs:line 330&#xD;
   at InvokeStub_Tests.WrongPassword(Object, Span`1)&#xD;
   at System.Reflection.MethodBaseInvoker.InvokeWithFewArgs(Object obj, BindingFlags invokeAttr, Binder binder, Object[] parameters, CultureInfo culture)&#xD;
</StackTrace>
        </ErrorInfo>
      </Output>
    </UnitTestResult>
    <UnitTestResult executionId="4924e5a3-7ea4-4c11-b4df-c4a4c82c456b" testId="19980e55-894e-8400-b12d-fb832b363206" testName="AutoDiscovery (WSHttps,NetFramework,Windows)" computerName="runnervmxu3fp" duration="00:00:00.3955883" startTime="2026-04-20T20:14:16.2132615+00:00" endTime="2026-04-20T20:14:16.6090976+00:00" testType="13cdc9d9-ddb5-4fa4-a97d-d965ccfc6d4b" outcome="Failed" testListId="8c84fa94-04c1-424b-9868-57a2d4851a1d" relativeResultsDirectory="4924e5a3-7ea4-4c11-b4df-c4a4c82c456b">
      <Output>
        <StdOut>Windows&gt;dotnet dev-certs httpsWindows/Kestrel&gt;A valid HTTPS certificate is already present.&#xD;
Windows&gt;"C:\Program Files\dotnet\dotnet.exe" "D:\a\FuseCP\FuseCP\FuseCP\Sources\FuseCP.Server\bin_dotnet\FuseCP.Server.dll" --urls "http://localhost:9000;https://localhost:44305"</StdOut>
        <ErrorInfo>
          <Message>Test method FuseCP.Server.Tests.Tests.AutoDiscovery threw exception:&#xD;
System.ArgumentException: Arguments contain invalid shell meta characters. (Parameter 'cmd')</Message>
          <StackTrace>   at FuseCP.Providers.OS.Shell.ExecAsync(String cmd, Encoding encoding, Dictionary`2 environment) in D:\a\FuseCP\FuseCP\FuseCP\Sources\FuseCP.Providers.Base\OS\Shell.cs:line 300&#xD;
   at FuseCP.Tests.Kestrel..ctor(Component component, ValueTuple`2[] urls, WSLDistro wslDistro, Scheme readinessProtocol) in D:\a\FuseCP\FuseCP\FuseCP\Sources\FuseCP.Tests\Initialization\Kestrel.cs:line 127&#xD;
   at FuseCP.Tests.Servers.Start(ValueTuple`4 type) in D:\a\FuseCP\FuseCP\FuseCP\Sources\FuseCP.Tests\Initialization\Servers.cs:line 208&#xD;
   at FuseCP.Tests.Servers.Url(ValueTuple`4 type) in D:\a\FuseCP\FuseCP\FuseCP\Sources\FuseCP.Tests\Initialization\Servers.cs:line 240&#xD;
   at FuseCP.Tests.Servers.Url(Component component, Framework framework, Os os, Protocols protocol) in D:\a\FuseCP\FuseCP\FuseCP\Sources\FuseCP.Tests\Initialization\Servers.cs:line 257&#xD;
   at FuseCP.Server.Tests.Tests.AutoDiscovery(Protocols protocol, Framework framework, Os os) in D:\a\FuseCP\FuseCP\FuseCP\Sources\FuseCP.Server.Tests\Tests\Tests.cs:line 57&#xD;
   at InvokeStub_Tests.AutoDiscovery(Object, Span`1)&#xD;
   at System.Reflection.MethodBaseInvoker.InvokeWithFewArgs(Object obj, BindingFlags invokeAttr, Binder binder, Object[] parameters, CultureInfo culture)&#xD;
</StackTrace>
        </ErrorInfo>
      </Output>
    </UnitTestResult>
    <UnitTestResult executionId="9d260806-e90e-4a0c-92b6-cb8fad608af2" testId="1aee063c-f564-8073-8019-40e65dc0e9b0" testName="Authenticated (NetHttp,Core,Windows)" computerName="runnervmxu3fp" duration="00:00:00.3505879" startTime="2026-04-20T20:14:35.3705266+00:00" endTime="2026-04-20T20:14:35.7211593+00:00" testType="13cdc9d9-ddb5-4fa4-a97d-d965ccfc6d4b" outcome="Failed" testListId="8c84fa94-04c1-424b-9868-57a2d4851a1d" relativeResultsDirectory="9d260806-e90e-4a0c-92b6-cb8fad608af2">
      <Output>
        <StdOut>Windows&gt;dotnet dev-certs httpsWindows/Kestrel&gt;A valid HTTPS certificate is already present.&#xD;
Windows&gt;"C:\Program Files\dotnet\dotnet.exe" "D:\a\FuseCP\FuseCP\FuseCP\Sources\FuseCP.Server\bin_dotnet\FuseCP.Server.dll" --urls "http://localhost:9005;https://localhost:9055"</StdOut>
        <ErrorInfo>
          <Message>Test method FuseCP.Server.Tests.Tests.Authenticated threw exception:&#xD;
System.ArgumentException: Arguments contain invalid shell meta characters. (Parameter 'cmd')</Message>
          <StackTrace>   at FuseCP.Providers.OS.Shell.ExecAsync(String cmd, Encoding encoding, Dictionary`2 environment) in D:\a\FuseCP\FuseCP\FuseCP\Sources\FuseCP.Providers.Base\OS\Shell.cs:line 300&#xD;
   at FuseCP.Tests.Kestrel..ctor(Component component, ValueTuple`2[] urls, WSLDistro wslDistro, Scheme readinessProtocol) in D:\a\FuseCP\FuseCP\FuseCP\Sources\FuseCP.Tests\Initialization\Kestrel.cs:line 43&#xD;
   at FuseCP.Tests.Servers.Start(ValueTuple`4 type) in D:\a\FuseCP\FuseCP\FuseCP\Sources\FuseCP.Tests\Initialization\Servers.cs:line 211&#xD;
   at FuseCP.Tests.Servers.Url(Component component, Framework framework, Os os, Protocols protocol) in D:\a\FuseCP\FuseCP\FuseCP\Sources\FuseCP.Tests\Initialization\Servers.cs:line 257&#xD;
   at FuseCP.Server.Tests.Tests.Authenticated(Protocols protocol, Framework framework, Os os) in D:\a\FuseCP\FuseCP\FuseCP\Sources\FuseCP.Server.Tests\Tests\Tests.cs:line 278&#xD;
   at InvokeStub_Tests.Authenticated(Object, Span`1)&#xD;
   at System.Reflection.MethodBaseInvoker.InvokeWithFewArgs(Object obj, BindingFlags invokeAttr, Binder binder, Object[] parameters, CultureInfo culture)&#xD;
</StackTrace>
        </ErrorInfo>
      </Output>
    </UnitTestResult>
    <UnitTestResult executionId="53f35937-a028-4ca8-a55a-264ae5306bd6" testId="1da3c5f3-d8b1-8822-bc1b-40ea2bcc9e91" testName="Echo (NetHttps,Core,Ubuntu)" computerName="runnervmxu3fp" duration="00:00:00.0470092" startTime="2026-04-20T20:14:28.0547872+00:00" endTime="2026-04-20T20:14:28.1018500+00:00" testType="13cdc9d9-ddb5-4fa4-a97d-d965ccfc6d4b" outcome="Failed" testListId="8c84fa94-04c1-424b-9868-57a2d4851a1d" relativeResultsDirectory="53f35937-a028-4ca8-a55a-264ae5306bd6">
      <Output>
        <ErrorInfo>
          <Message>Test method FuseCP.Server.Tests.Tests.Echo threw exception:&#xD;
System.ArgumentException: Arguments contain invalid shell meta characters. (Parameter 'cmd')</Message>
          <StackTrace>   at FuseCP.Providers.OS.Shell.ExecAsync(String cmd, Encoding encoding, Dictionary`2 environment) in D:\a\FuseCP\FuseCP\FuseCP\Sources\FuseCP.Providers.Base\OS\Shell.cs:line 300&#xD;
   at FuseCP.Providers.OS.WSLShell.ExecAsync(String command, Encoding encoding, Dictionary`2 environment) in D:\a\FuseCP\FuseCP\FuseCP\Sources\FuseCP.Providers.Base\OS\WSLShell.cs:line 651&#xD;
   at FuseCP.Providers.OS.Shell.Exec(String command, Encoding encoding, Dictionary`2 environment) in D:\a\FuseCP\FuseCP\FuseCP\Sources\FuseCP.Providers.Base\OS\Shell.cs:line 410&#xD;
   at FuseCP.Tests.Kestrel..ctor(Component component, ValueTuple`2[] urls, WSLDistro wslDistro, Scheme readinessProtocol) in D:\a\FuseCP\FuseCP\FuseCP\Sources\FuseCP.Tests\Initialization\Kestrel.cs:line 76&#xD;
   at FuseCP.Tests.Servers.Start(ValueTuple`4 type) in D:\a\FuseCP\FuseCP\FuseCP\Sources\FuseCP.Tests\Initialization\Servers.cs:line 216&#xD;
   at FuseCP.Tests.Servers.Url(ValueTuple`4 type) in D:\a\FuseCP\FuseCP\FuseCP\Sources\FuseCP.Tests\Initialization\Servers.cs:line 240&#xD;
   at FuseCP.Tests.Servers.Url(Component component, Framework framework, Os os, Protocols protocol) in D:\a\FuseCP\FuseCP\FuseCP\Sources\FuseCP.Tests\Initialization\Servers.cs:line 257&#xD;
   at FuseCP.Server.Tests.Tests.Echo(Protocols protocol, Framework framework, Os os) in D:\a\FuseCP\FuseCP\FuseCP\Sources\FuseCP.Server.Tests\Tests\Tests.cs:line 160&#xD;
   at InvokeStub_Tests.Echo(Object, Span`1)&#xD;
   at System.Reflection.MethodBaseInvoker.InvokeWithFewArgs(Object obj, BindingFlags invokeAttr, Binder binder, Object[] parameters, CultureInfo culture)&#xD;
</StackTrace>
        </ErrorInfo>
      </Output>
    </UnitTestResult>
    <UnitTestResult executionId="b288f1dc-c882-4fee-88f3-95ab261cb890" testId="1a2cab1c-83d7-8c33-ae3b-d62ed573e377" testName="Password (BasicHttp,NetFramework,Windows)" computerName="runnervmxu3fp" duration="00:00:00.3427490" startTime="2026-04-20T20:14:21.0863882+00:00" endTime="2026-04-20T20:14:21.4292740+00:00" testType="13cdc9d9-ddb5-4fa4-a97d-d965ccfc6d4b" outcome="Failed" testListId="8c84fa94-04c1-424b-9868-57a2d4851a1d" relativeResultsDirectory="b288f1dc-c882-4fee-88f3-95ab261cb890">
      <Output>
        <StdOut>Windows&gt;dotnet dev-certs httpsWindows/Kestrel&gt;A valid HTTPS certificate is already present.&#xD;
Windows&gt;"C:\Program Files\dotnet\dotnet.exe" "D:\a\FuseCP\FuseCP\FuseCP\Sources\FuseCP.Server\bin_dotnet\FuseCP.Server.dll" --urls "http://localhost:9000;https://localhost:44305"</StdOut>
        <ErrorInfo>
          <Message>Test method FuseCP.Server.Tests.Tests.Password threw exception:&#xD;
System.ArgumentException: Arguments contain invalid shell meta characters. (Parameter 'cmd')</Message>
          <StackTrace>   at FuseCP.Providers.OS.Shell.ExecAsync(String cmd, Encoding encoding, Dictionary`2 environment) in D:\a\FuseCP\FuseCP\FuseCP\Sources\FuseCP.Providers.Base\OS\Shell.cs:line 300&#xD;
   at FuseCP.Tests.Kestrel..ctor(Component component, ValueTuple`2[] urls, WSLDistro wslDistro, Scheme readinessProtocol) in D:\a\FuseCP\FuseCP\FuseCP\Sources\FuseCP.Tests\Initialization\Kestrel.cs:line 127&#xD;
   at FuseCP.Tests.Servers.Start(ValueTuple`4 type) in D:\a\FuseCP\FuseCP\FuseCP\Sources\FuseCP.Tests\Initialization\Servers.cs:line 208&#xD;
   at FuseCP.Tests.Servers.Url(ValueTuple`4 type) in D:\a\FuseCP\FuseCP\FuseCP\Sources\FuseCP.Tests\Initialization\Servers.cs:line 240&#xD;
   at FuseCP.Tests.Servers.Url(Component component, Framework framework, Os os, Protocols protocol) in D:\a\FuseCP\FuseCP\FuseCP\Sources\FuseCP.Tests\Initialization\Servers.cs:line 257&#xD;
   at FuseCP.Server.Tests.Tests.Password(Protocols protocol, Framework framework, Os os) in D:\a\FuseCP\FuseCP\FuseCP\Sources\FuseCP.Server.Tests\Tests\Tests.cs:line 100&#xD;
   at InvokeStub_Tests.Password(Object, Span`1)&#xD;
   at System.Reflection.MethodBaseInvoker.InvokeWithFewArgs(Object obj, BindingFlags invokeAttr, Binder binder, Object[] parameters, CultureInfo culture)&#xD;
</StackTrace>
        </ErrorInfo>
      </Output>
    </UnitTestResult>
    <UnitTestResult executionId="685473b7-0480-4b3d-828c-351f2c174903" testId="1551ad2a-d1a7-8c2b-8691-223714e7854f" testName="Password (NetHttp,Core,Windows)" computerName="runnervmxu3fp" duration="00:00:00.4257853" startTime="2026-04-20T20:14:23.3424604+00:00" endTime="2026-04-20T20:14:23.7683441+00:00" testType="13cdc9d9-ddb5-4fa4-a97d-d965ccfc6d4b" outcome="Failed" testListId="8c84fa94-04c1-424b-9868-57a2d4851a1d" relativeResultsDirectory="685473b7-0480-4b3d-828c-351f2c174903">
      <Output>
        <StdOut>Windows&gt;dotnet dev-certs httpsWindows/Kestrel&gt;A valid HTTPS certificate is already present.&#xD;
Windows&gt;"C:\Program Files\dotnet\dotnet.exe" "D:\a\FuseCP\FuseCP\FuseCP\Sources\FuseCP.Server\bin_dotnet\FuseCP.Server.dll" --urls "http://localhost:9005;https://localhost:9055"</StdOut>
        <ErrorInfo>
          <Message>Test method FuseCP.Server.Tests.Tests.Password threw exception:&#xD;
System.ArgumentException: Arguments contain invalid shell meta characters. (Parameter 'cmd')</Message>
          <StackTrace>   at FuseCP.Providers.OS.Shell.ExecAsync(String cmd, Encoding encoding, Dictionary`2 environment) in D:\a\FuseCP\FuseCP\FuseCP\Sources\FuseCP.Providers.Base\OS\Shell.cs:line 300&#xD;
   at FuseCP.Tests.Kestrel..ctor(Component component, ValueTuple`2[] urls, WSLDistro wslDistro, Scheme readinessProtocol) in D:\a\FuseCP\FuseCP\FuseCP\Sources\FuseCP.Tests\Initialization\Kestrel.cs:line 127&#xD;
   at FuseCP.Tests.Servers.Start(ValueTuple`4 type) in D:\a\FuseCP\FuseCP\FuseCP\Sources\FuseCP.Tests\Initialization\Servers.cs:line 211&#xD;
   at FuseCP.Tests.Servers.Url(ValueTuple`4 type) in D:\a\FuseCP\FuseCP\FuseCP\Sources\FuseCP.Tests\Initialization\Servers.cs:line 240&#xD;
   at FuseCP.Tests.Servers.Url(Component component, Framework framework, Os os, Protocols protocol) in D:\a\FuseCP\FuseCP\FuseCP\Sources\FuseCP.Tests\Initialization\Servers.cs:line 257&#xD;
   at FuseCP.Server.Tests.Tests.Password(Protocols protocol, Framework framework, Os os) in D:\a\FuseCP\FuseCP\FuseCP\Sources\FuseCP.Server.Tests\Tests\Tests.cs:line 100&#xD;
   at InvokeStub_Tests.Password(Object, Span`1)&#xD;
   at System.Reflection.MethodBaseInvoker.InvokeWithFewArgs(Object obj, BindingFlags invokeAttr, Binder binder, Object[] parameters, CultureInfo culture)&#xD;
</StackTrace>
        </ErrorInfo>
      </Output>
    </UnitTestResult>
    <UnitTestResult executionId="cc70bdc6-9753-4fd9-a7c3-53fe9afae72c" testId="15b17008-0067-8706-9d05-a2bac299d54a" testName="WrongPassword (BasicHttps,Core,Ubuntu)" computerName="runnervmxu3fp" duration="00:00:00.0457844" startTime="2026-04-20T20:14:39.6334686+00:00" endTime="2026-04-20T20:14:39.6792922+00:00" testType="13cdc9d9-ddb5-4fa4-a97d-d965ccfc6d4b" outcome="Failed" testListId="8c84fa94-04c1-424b-9868-57a2d4851a1d" relativeResultsDirectory="cc70bdc6-9753-4fd9-a7c3-53fe9afae72c">
      <Output>
        <ErrorInfo>
          <Message>Test method FuseCP.Server.Tests.Tests.WrongPassword threw exception:&#xD;
System.ArgumentException: Arguments contain invalid shell meta characters. (Parameter 'cmd')</Message>
          <StackTrace>   at FuseCP.Providers.OS.Shell.ExecAsync(String cmd, Encoding encoding, Dictionary`2 environment) in D:\a\FuseCP\FuseCP\FuseCP\Sources\FuseCP.Providers.Base\OS\Shell.cs:line 300&#xD;
   at FuseCP.Tests.Kestrel..ctor(Component component, ValueTuple`2[] urls, WSLDistro wslDistro, Scheme readinessProtocol) in D:\a\FuseCP\FuseCP\FuseCP\Sources\FuseCP.Tests\Initialization\Kestrel.cs:line 43&#xD;
   at FuseCP.Tests.Servers.Start(ValueTuple`4 type) in D:\a\FuseCP\FuseCP\FuseCP\Sources\FuseCP.Tests\Initialization\Servers.cs:line 216&#xD;
   at FuseCP.Tests.Servers.Url(Component component, Framework framework, Os os, Protocols protocol) in D:\a\FuseCP\FuseCP\FuseCP\Sources\FuseCP.Tests\Initialization\Servers.cs:line 257&#xD;
   at FuseCP.Server.Tests.Tests.WrongPassword(Protocols protocol, Framework framework, Os os) in D:\a\FuseCP\FuseCP\FuseCP\Sources\FuseCP.Server.Tests\Tests\Tests.cs:line 330&#xD;
   at InvokeStub_Tests.WrongPassword(Object, Span`1)&#xD;
   at System.Reflection.MethodBaseInvoker.InvokeWithFewArgs(Object obj, BindingFlags invokeAttr, Binder binder, Object[] parameters, CultureInfo culture)&#xD;
</StackTrace>
        </ErrorInfo>
      </Output>
    </UnitTestResult>
    <UnitTestResult executionId="20c0b806-ebef-4365-8bbc-a02f22ff6ce0" testId="1fe6be80-34d7-8803-85dc-d56941f62a4b" testName="Authenticated (BasicHttps,NetFramework,Windows)" computerName="runnervmxu3fp" duration="00:00:00.3612052" startTime="2026-04-20T20:14:32.2271015+00:00" endTime="2026-04-20T20:14:32.5883452+00:00" testType="13cdc9d9-ddb5-4fa4-a97d-d965ccfc6d4b" outcome="Failed" testListId="8c84fa94-04c1-424b-9868-57a2d4851a1d" relativeResultsDirectory="20c0b806-ebef-4365-8bbc-a02f22ff6ce0">
      <Output>
        <StdOut>Windows&gt;dotnet dev-certs httpsWindows/Kestrel&gt;A valid HTTPS certificate is already present.&#xD;
Windows&gt;"C:\Program Files\dotnet\dotnet.exe" "D:\a\FuseCP\FuseCP\FuseCP\Sources\FuseCP.Server\bin_dotnet\FuseCP.Server.dll" --urls "http://localhost:9000;https://localhost:44305"</StdOut>
        <ErrorInfo>
          <Message>Test method FuseCP.Server.Tests.Tests.Authenticated threw exception:&#xD;
System.ArgumentException: Arguments contain invalid shell meta characters. (Parameter 'cmd')</Message>
          <StackTrace>   at FuseCP.Providers.OS.Shell.ExecAsync(String cmd, Encoding encoding, Dictionary`2 environment) in D:\a\FuseCP\FuseCP\FuseCP\Sources\FuseCP.Providers.Base\OS\Shell.cs:line 300&#xD;
   at FuseCP.Tests.Kestrel..ctor(Component component, ValueTuple`2[] urls, WSLDistro wslDistro, Scheme readinessProtocol) in D:\a\FuseCP\FuseCP\FuseCP\Sources\FuseCP.Tests\Initialization\Kestrel.cs:line 127&#xD;
   at FuseCP.Tests.Servers.Start(ValueTuple`4 type) in D:\a\FuseCP\FuseCP\FuseCP\Sources\FuseCP.Tests\Initialization\Servers.cs:line 208&#xD;
   at FuseCP.Tests.Servers.Url(ValueTuple`4 type) in D:\a\FuseCP\FuseCP\FuseCP\Sources\FuseCP.Tests\Initialization\Servers.cs:line 240&#xD;
   at FuseCP.Tests.Servers.Url(Component component, Framework framework, Os os, Protocols protocol) in D:\a\FuseCP\FuseCP\FuseCP\Sources\FuseCP.Tests\Initialization\Servers.cs:line 257&#xD;
   at FuseCP.Server.Tests.Tests.Authenticated(Protocols protocol, Framework framework, Os os) in D:\a\FuseCP\FuseCP\FuseCP\Sources\FuseCP.Server.Tests\Tests\Tests.cs:line 278&#xD;
   at System.Reflection.MethodBaseInvoker.InterpretedInvoke_Method(Object obj, IntPtr* args)&#xD;
   at System.Reflection.MethodBaseInvoker.InvokeDirectByRefWithFewArgs(Object obj, Span`1 copyOfArgs, BindingFlags invokeAttr)&#xD;
</StackTrace>
        </ErrorInfo>
      </Output>
    </UnitTestResult>
    <UnitTestResult executionId="94ad617b-77cc-41fb-a4ce-9bf41193875d" testId="1cd4c019-0ac6-8423-99dd-d93c092af4f0" testName="Echo (WSHttps,Core,Ubuntu)" computerName="runnervmxu3fp" duration="00:00:00.0430619" startTime="2026-04-20T20:14:28.0116212+00:00" endTime="2026-04-20T20:14:28.0547494+00:00" testType="13cdc9d9-ddb5-4fa4-a97d-d965ccfc6d4b" outcome="Failed" testListId="8c84fa94-04c1-424b-9868-57a2d4851a1d" relativeResultsDirectory="94ad617b-77cc-41fb-a4ce-9bf41193875d">
      <Output>
        <ErrorInfo>
          <Message>Test method FuseCP.Server.Tests.Tests.Echo threw exception:&#xD;
System.ArgumentException: Arguments contain invalid shell meta characters. (Parameter 'cmd')</Message>
          <StackTrace>   at FuseCP.Providers.OS.Shell.ExecAsync(String cmd, Encoding encoding, Dictionary`2 environment) in D:\a\FuseCP\FuseCP\FuseCP\Sources\FuseCP.Providers.Base\OS\Shell.cs:line 300&#xD;
   at FuseCP.Providers.OS.WSLShell.ExecAsync(String command, Encoding encoding, Dictionary`2 environment) in D:\a\FuseCP\FuseCP\FuseCP\Sources\FuseCP.Providers.Base\OS\WSLShell.cs:line 651&#xD;
   at FuseCP.Providers.OS.Shell.Exec(String command, Encoding encoding, Dictionary`2 environment) in D:\a\FuseCP\FuseCP\FuseCP\Sources\FuseCP.Providers.Base\OS\Shell.cs:line 410&#xD;
   at FuseCP.Tests.Kestrel..ctor(Component component, ValueTuple`2[] urls, WSLDistro wslDistro, Scheme readinessProtocol) in D:\a\FuseCP\FuseCP\FuseCP\Sources\FuseCP.Tests\Initialization\Kestrel.cs:line 76&#xD;
   at FuseCP.Tests.Servers.Start(ValueTuple`4 type) in D:\a\FuseCP\FuseCP\FuseCP\Sources\FuseCP.Tests\Initialization\Servers.cs:line 216&#xD;
   at FuseCP.Tests.Servers.Url(ValueTuple`4 type) in D:\a\FuseCP\FuseCP\FuseCP\Sources\FuseCP.Tests\Initialization\Servers.cs:line 240&#xD;
   at FuseCP.Tests.Servers.Url(Component component, Framework framework, Os os, Protocols protocol) in D:\a\FuseCP\FuseCP\FuseCP\Sources\FuseCP.Tests\Initialization\Servers.cs:line 257&#xD;
   at FuseCP.Server.Tests.Tests.Echo(Protocols protocol, Framework framework, Os os) in D:\a\FuseCP\FuseCP\FuseCP\Sources\FuseCP.Server.Tests\Tests\Tests.cs:line 160&#xD;
   at InvokeStub_Tests.Echo(Object, Span`1)&#xD;
   at System.Reflection.MethodBaseInvoker.InvokeWithFewArgs(Object obj, BindingFlags invokeAttr, Binder binder, Object[] parameters, CultureInfo culture)&#xD;
</StackTrace>
        </ErrorInfo>
      </Output>
    </UnitTestResult>
    <UnitTestResult executionId="97419996-46a4-47c1-a098-51c0fbd89462" testId="15071d6a-cd3b-8cb7-b9cb-80737d2e3600" testName="AutoDiscovery (NetHttps,Core,Windows)" computerName="runnervmxu3fp" duration="00:00:00.3863390" startTime="2026-04-20T20:14:18.6162615+00:00" endTime="2026-04-20T20:14:19.0027426+00:00" testType="13cdc9d9-ddb5-4fa4-a97d-d965ccfc6d4b" outcome="Failed" testListId="8c84fa94-04c1-424b-9868-57a2d4851a1d" relativeResultsDirectory="97419996-46a4-47c1-a098-51c0fbd89462">
      <Output>
        <StdOut>Windows&gt;dotnet dev-certs httpsWindows/Kestrel&gt;A valid HTTPS certificate is already present.&#xD;
Windows&gt;"C:\Program Files\dotnet\dotnet.exe" "D:\a\FuseCP\FuseCP\FuseCP\Sources\FuseCP.Server\bin_dotnet\FuseCP.Server.dll" --urls "http://localhost:9005;https://localhost:9055"</StdOut>
        <ErrorInfo>
          <Message>Test method FuseCP.Server.Tests.Tests.AutoDiscovery threw exception:&#xD;
System.ArgumentException: Arguments contain invalid shell meta characters. (Parameter 'cmd')</Message>
          <StackTrace>   at FuseCP.Providers.OS.Shell.ExecAsync(String cmd, Encoding encoding, Dictionary`2 environment) in D:\a\FuseCP\FuseCP\FuseCP\Sources\FuseCP.Providers.Base\OS\Shell.cs:line 300&#xD;
   at FuseCP.Tests.Kestrel..ctor(Component component, ValueTuple`2[] urls, WSLDistro wslDistro, Scheme readinessProtocol) in D:\a\FuseCP\FuseCP\FuseCP\Sources\FuseCP.Tests\Initialization\Kestrel.cs:line 127&#xD;
   at FuseCP.Tests.Servers.Start(ValueTuple`4 type) in D:\a\FuseCP\FuseCP\FuseCP\Sources\FuseCP.Tests\Initialization\Servers.cs:line 211&#xD;
   at FuseCP.Tests.Servers.Url(ValueTuple`4 type) in D:\a\FuseCP\FuseCP\FuseCP\Sources\FuseCP.Tests\Initialization\Servers.cs:line 240&#xD;
   at FuseCP.Tests.Servers.Url(Component component, Framework framework, Os os, Protocols protocol) in D:\a\FuseCP\FuseCP\FuseCP\Sources\FuseCP.Tests\Initialization\Servers.cs:line 257&#xD;
   at FuseCP.Server.Tests.Tests.AutoDiscovery(Protocols protocol, Framework framework, Os os) in D:\a\FuseCP\FuseCP\FuseCP\Sources\FuseCP.Server.Tests\Tests\Tests.cs:line 57&#xD;
   at InvokeStub_Tests.AutoDiscovery(Object, Span`1)&#xD;
   at System.Reflection.MethodBaseInvoker.InvokeWithFewArgs(Object obj, BindingFlags invokeAttr, Binder binder, Object[] parameters, CultureInfo culture)&#xD;
</StackTrace>
        </ErrorInfo>
      </Output>
    </UnitTestResult>
    <UnitTestResult executionId="0bccade3-48f3-44af-ab4e-0456aff91d89" testId="18a04b21-ec54-8c68-9653-e06d0814e340" testName="Echo (BasicHttps,Core,Ubuntu)" computerName="runnervmxu3fp" duration="00:00:00.0440037" startTime="2026-04-20T20:14:27.9675110+00:00" endTime="2026-04-20T20:14:28.0115759+00:00" testType="13cdc9d9-ddb5-4fa4-a97d-d965ccfc6d4b" outcome="Failed" testListId="8c84fa94-04c1-424b-9868-57a2d4851a1d" relativeResultsDirectory="0bccade3-48f3-44af-ab4e-0456aff91d89">
      <Output>
        <ErrorInfo>
          <Message>Test method FuseCP.Server.Tests.Tests.Echo threw exception:&#xD;
System.ArgumentException: Arguments contain invalid shell meta characters. (Parameter 'cmd')</Message>
          <StackTrace>   at FuseCP.Providers.OS.Shell.ExecAsync(String cmd, Encoding encoding, Dictionary`2 environment) in D:\a\FuseCP\FuseCP\FuseCP\Sources\FuseCP.Providers.Base\OS\Shell.cs:line 300&#xD;
   at FuseCP.Providers.OS.WSLShell.ExecAsync(String command, Encoding encoding, Dictionary`2 environment) in D:\a\FuseCP\FuseCP\FuseCP\Sources\FuseCP.Providers.Base\OS\WSLShell.cs:line 651&#xD;
   at FuseCP.Providers.OS.Shell.Exec(String command, Encoding encoding, Dictionary`2 environment) in D:\a\FuseCP\FuseCP\FuseCP\Sources\FuseCP.Providers.Base\OS\Shell.cs:line 410&#xD;
   at FuseCP.Tests.Kestrel..ctor(Component component, ValueTuple`2[] urls, WSLDistro wslDistro, Scheme readinessProtocol) in D:\a\FuseCP\FuseCP\FuseCP\Sources\FuseCP.Tests\Initialization\Kestrel.cs:line 76&#xD;
   at FuseCP.Tests.Servers.Start(ValueTuple`4 type) in D:\a\FuseCP\FuseCP\FuseCP\Sources\FuseCP.Tests\Initialization\Servers.cs:line 216&#xD;
   at FuseCP.Tests.Servers.Url(ValueTuple`4 type) in D:\a\FuseCP\FuseCP\FuseCP\Sources\FuseCP.Tests\Initialization\Servers.cs:line 240&#xD;
   at FuseCP.Tests.Servers.Url(Component component, Framework framework, Os os, Protocols protocol) in D:\a\FuseCP\FuseCP\FuseCP\Sources\FuseCP.Tests\Initialization\Servers.cs:line 257&#xD;
   at FuseCP.Server.Tests.Tests.Echo(Protocols protocol, Framework framework, Os os) in D:\a\FuseCP\FuseCP\FuseCP\Sources\FuseCP.Server.Tests\Tests\Tests.cs:line 160&#xD;
   at InvokeStub_Tests.Echo(Object, Span`1)&#xD;
   at System.Reflection.MethodBaseInvoker.InvokeWithFewArgs(Object obj, BindingFlags invokeAttr, Binder binder, Object[] parameters, CultureInfo culture)&#xD;
</StackTrace>
        </ErrorInfo>
      </Output>
    </UnitTestResult>
    <UnitTestResult executionId="f577b398-f432-4018-9181-59c1d8a255c9" testId="1f4174e5-eee8-87df-85b4-51e2b9282731" testName="AutoDiscovery (NetHttp,Core,Ubuntu)" computerName="runnervmxu3fp" duration="00:00:00.0545102" startTime="2026-04-20T20:14:19.9109656+00:00" endTime="2026-04-20T20:14:19.9655984+00:00" testType="13cdc9d9-ddb5-4fa4-a97d-d965ccfc6d4b" outcome="Failed" testListId="8c84fa94-04c1-424b-9868-57a2d4851a1d" relativeResultsDirectory="f577b398-f432-4018-9181-59c1d8a255c9">
      <Output>
        <ErrorInfo>
          <Message>Test method FuseCP.Server.Tests.Tests.AutoDiscovery threw exception:&#xD;
System.ArgumentException: Arguments contain invalid shell meta characters. (Parameter 'cmd')</Message>
          <StackTrace>   at FuseCP.Providers.OS.Shell.ExecAsync(String cmd, Encoding encoding, Dictionary`2 environment) in D:\a\FuseCP\FuseCP\FuseCP\Sources\FuseCP.Providers.Base\OS\Shell.cs:line 300&#xD;
   at FuseCP.Providers.OS.WSLShell.ExecAsync(String command, Encoding encoding, Dictionary`2 environment) in D:\a\FuseCP\FuseCP\FuseCP\Sources\FuseCP.Providers.Base\OS\WSLShell.cs:line 651&#xD;
   at FuseCP.Providers.OS.Shell.Exec(String command, Encoding encoding, Dictionary`2 environment) in D:\a\FuseCP\FuseCP\FuseCP\Sources\FuseCP.Providers.Base\OS\Shell.cs:line 410&#xD;
   at FuseCP.Tests.Kestrel..ctor(Component component, ValueTuple`2[] urls, WSLDistro wslDistro, Scheme readinessProtocol) in D:\a\FuseCP\FuseCP\FuseCP\Sources\FuseCP.Tests\Initialization\Kestrel.cs:line 76&#xD;
   at FuseCP.Tests.Servers.Start(ValueTuple`4 type) in D:\a\FuseCP\FuseCP\FuseCP\Sources\FuseCP.Tests\Initialization\Servers.cs:line 216&#xD;
   at FuseCP.Tests.Servers.Url(ValueTuple`4 type) in D:\a\FuseCP\FuseCP\FuseCP\Sources\FuseCP.Tests\Initialization\Servers.cs:line 240&#xD;
   at FuseCP.Tests.Servers.Url(Component component, Framework framework, Os os, Protocols protocol) in D:\a\FuseCP\FuseCP\FuseCP\Sources\FuseCP.Tests\Initialization\Servers.cs:line 257&#xD;
   at FuseCP.Server.Tests.Tests.AutoDiscovery(Protocols protocol, Framework framework, Os os) in D:\a\FuseCP\FuseCP\FuseCP\Sources\FuseCP.Server.Tests\Tests\Tests.cs:line 57&#xD;
   at InvokeStub_Tests.AutoDiscovery(Object, Span`1)&#xD;
   at System.Reflection.MethodBaseInvoker.InvokeWithFewArgs(Object obj, BindingFlags invokeAttr, Binder binder, Object[] parameters, CultureInfo culture)&#xD;
</StackTrace>
        </ErrorInfo>
      </Output>
    </UnitTestResult>
    <UnitTestResult executionId="41d34be9-7586-4cb6-b52b-369045ad1900" testId="16fc05b1-6073-8c02-9a58-f95106031c3f" testName="AnonymousWithSoapHeader (WSHttps,NetFramework,Windows)" computerName="runnervmxu3fp" duration="00:00:00.3510396" startTime="2026-04-20T20:14:28.5256934+00:00" endTime="2026-04-20T20:14:28.8768006+00:00" testType="13cdc9d9-ddb5-4fa4-a97d-d965ccfc6d4b" outcome="Failed" testListId="8c84fa94-04c1-424b-9868-57a2d4851a1d" relativeResultsDirectory="41d34be9-7586-4cb6-b52b-369045ad1900">
      <Output>
        <StdOut>Windows&gt;dotnet dev-certs httpsWindows/Kestrel&gt;A valid HTTPS certificate is already present.&#xD;
Windows&gt;"C:\Program Files\dotnet\dotnet.exe" "D:\a\FuseCP\FuseCP\FuseCP\Sources\FuseCP.Server\bin_dotnet\FuseCP.Server.dll" --urls "http://localhost:9000;https://localhost:44305"</StdOut>
        <ErrorInfo>
          <Message>Test method FuseCP.Server.Tests.Tests.AnonymousWithSoapHeader threw exception:&#xD;
System.ArgumentException: Arguments contain invalid shell meta characters. (Parameter 'cmd')</Message>
          <StackTrace>   at FuseCP.Providers.OS.Shell.ExecAsync(String cmd, Encoding encoding, Dictionary`2 environment) in D:\a\FuseCP\FuseCP\FuseCP\Sources\FuseCP.Providers.Base\OS\Shell.cs:line 300&#xD;
   at FuseCP.Tests.Kestrel..ctor(Component component, ValueTuple`2[] urls, WSLDistro wslDistro, Scheme readinessProtocol) in D:\a\FuseCP\FuseCP\FuseCP\Sources\FuseCP.Tests\Initialization\Kestrel.cs:line 127&#xD;
   at FuseCP.Tests.Servers.Start(ValueTuple`4 type) in D:\a\FuseCP\FuseCP\FuseCP\Sources\FuseCP.Tests\Initialization\Servers.cs:line 208&#xD;
   at FuseCP.Tests.Servers.Url(ValueTuple`4 type) in D:\a\FuseCP\FuseCP\FuseCP\Sources\FuseCP.Tests\Initialization\Servers.cs:line 240&#xD;
   at FuseCP.Tests.Servers.Url(Component component, Framework framework, Os os, Protocols protocol) in D:\a\FuseCP\FuseCP\FuseCP\Sources\FuseCP.Tests\Initialization\Servers.cs:line 257&#xD;
   at FuseCP.Server.Tests.Tests.AnonymousWithSoapHeader(Protocols protocol, Framework framework, Os os) in D:\a\FuseCP\FuseCP\FuseCP\Sources\FuseCP.Server.Tests\Tests\Tests.cs:line 204&#xD;
   at InvokeStub_Tests.AnonymousWithSoapHeader(Object, Span`1)&#xD;
   at System.Reflection.MethodBaseInvoker.InvokeWithFewArgs(Object obj, BindingFlags invokeAttr, Binder binder, Object[] parameters, CultureInfo culture)&#xD;
</StackTrace>
        </ErrorInfo>
      </Output>
    </UnitTestResult>
    <UnitTestResult executionId="db6c33a0-90c1-402b-9203-e383a87f5aa5" testId="10f1fadc-34a0-8191-83e1-2c3c92657345" testName="Echo (BasicHttp,NetFramework,Windows)" computerName="runnervmxu3fp" duration="00:00:00.3457970" startTime="2026-04-20T20:14:25.5192445+00:00" endTime="2026-04-20T20:14:25.8651187+00:00" testType="13cdc9d9-ddb5-4fa4-a97d-d965ccfc6d4b" outcome="Failed" testListId="8c84fa94-04c1-424b-9868-57a2d4851a1d" relativeResultsDirectory="db6c33a0-90c1-402b-9203-e383a87f5aa5">
      <Output>
        <StdOut>Windows&gt;dotnet dev-certs httpsWindows/Kestrel&gt;A valid HTTPS certificate is already present.&#xD;
Windows&gt;"C:\Program Files\dotnet\dotnet.exe" "D:\a\FuseCP\FuseCP\FuseCP\Sources\FuseCP.Server\bin_dotnet\FuseCP.Server.dll" --urls "http://localhost:9000;https://localhost:44305"</StdOut>
        <ErrorInfo>
          <Message>Test method FuseCP.Server.Tests.Tests.Echo threw exception:&#xD;
System.ArgumentException: Arguments contain invalid shell meta characters. (Parameter 'cmd')</Message>
          <StackTrace>   at FuseCP.Providers.OS.Shell.ExecAsync(String cmd, Encoding encoding, Dictionary`2 environment) in D:\a\FuseCP\FuseCP\FuseCP\Sources\FuseCP.Providers.Base\OS\Shell.cs:line 300&#xD;
   at FuseCP.Tests.Kestrel..ctor(Component component, ValueTuple`2[] urls, WSLDistro wslDistro, Scheme readinessProtocol) in D:\a\FuseCP\FuseCP\FuseCP\Sources\FuseCP.Tests\Initialization\Kestrel.cs:line 127&#xD;
   at FuseCP.Tests.Servers.Start(ValueTuple`4 type) in D:\a\FuseCP\FuseCP\FuseCP\Sources\FuseCP.Tests\Initialization\Servers.cs:line 208&#xD;
   at FuseCP.Tests.Servers.Url(ValueTuple`4 type) in D:\a\FuseCP\FuseCP\FuseCP\Sources\FuseCP.Tests\Initialization\Servers.cs:line 240&#xD;
   at FuseCP.Tests.Servers.Url(Component component, Framework framework, Os os, Protocols protocol) in D:\a\FuseCP\FuseCP\FuseCP\Sources\FuseCP.Tests\Initialization\Servers.cs:line 257&#xD;
   at FuseCP.Server.Tests.Tests.Echo(Protocols protocol, Framework framework, Os os) in D:\a\FuseCP\FuseCP\FuseCP\Sources\FuseCP.Server.Tests\Tests\Tests.cs:line 160&#xD;
   at InvokeStub_Tests.Echo(Object, Span`1)&#xD;
   at System.Reflection.MethodBaseInvoker.InvokeWithFewArgs(Object obj, BindingFlags invokeAttr, Binder binder, Object[] parameters, CultureInfo culture)&#xD;
</StackTrace>
        </ErrorInfo>
      </Output>
    </UnitTestResult>
    <UnitTestResult executionId="f45cdacb-b1d3-49e2-86f0-5fcfdc10e89b" testId="1ad4dbfe-2ece-803c-a7cf-b76bac04d088" testName="AutoDiscovery (NetHttp,Core,Windows)" computerName="runnervmxu3fp" duration="00:00:00.3464797" startTime="2026-04-20T20:14:19.3788879+00:00" endTime="2026-04-20T20:14:19.7255661+00:00" testType="13cdc9d9-ddb5-4fa4-a97d-d965ccfc6d4b" outcome="Failed" testListId="8c84fa94-04c1-424b-9868-57a2d4851a1d" relativeResultsDirectory="f45cdacb-b1d3-49e2-86f0-5fcfdc10e89b">
      <Output>
        <StdOut>Windows&gt;dotnet dev-certs httpsWindows/Kestrel&gt;A valid HTTPS certificate is already present.&#xD;
Windows&gt;"C:\Program Files\dotnet\dotnet.exe" "D:\a\FuseCP\FuseCP\FuseCP\Sources\FuseCP.Server\bin_dotnet\FuseCP.Server.dll" --urls "http://localhost:9005;https://localhost:9055"</StdOut>
        <ErrorInfo>
          <Message>Test method FuseCP.Server.Tests.Tests.AutoDiscovery threw exception:&#xD;
System.ArgumentException: Arguments contain invalid shell meta characters. (Parameter 'cmd')</Message>
          <StackTrace>   at FuseCP.Providers.OS.Shell.ExecAsync(String cmd, Encoding encoding, Dictionary`2 environment) in D:\a\FuseCP\FuseCP\FuseCP\Sources\FuseCP.Providers.Base\OS\Shell.cs:line 300&#xD;
   at FuseCP.Tests.Kestrel..ctor(Component component, ValueTuple`2[] urls, WSLDistro wslDistro, Scheme readinessProtocol) in D:\a\FuseCP\FuseCP\FuseCP\Sources\FuseCP.Tests\Initialization\Kestrel.cs:line 127&#xD;
   at FuseCP.Tests.Servers.Start(ValueTuple`4 type) in D:\a\FuseCP\FuseCP\FuseCP\Sources\FuseCP.Tests\Initialization\Servers.cs:line 211&#xD;
   at FuseCP.Tests.Servers.Url(ValueTuple`4 type) in D:\a\FuseCP\FuseCP\FuseCP\Sources\FuseCP.Tests\Initialization\Servers.cs:line 240&#xD;
   at FuseCP.Tests.Servers.Url(Component component, Framework framework, Os os, Protocols protocol) in D:\a\FuseCP\FuseCP\FuseCP\Sources\FuseCP.Tests\Initialization\Servers.cs:line 257&#xD;
   at FuseCP.Server.Tests.Tests.AutoDiscovery(Protocols protocol, Framework framework, Os os) in D:\a\FuseCP\FuseCP\FuseCP\Sources\FuseCP.Server.Tests\Tests\Tests.cs:line 57&#xD;
   at InvokeStub_Tests.AutoDiscovery(Object, Span`1)&#xD;
   at System.Reflection.MethodBaseInvoker.InvokeWithFewArgs(Object obj, BindingFlags invokeAttr, Binder binder, Object[] parameters, CultureInfo culture)&#xD;
</StackTrace>
        </ErrorInfo>
      </Output>
    </UnitTestResult>
    <UnitTestResult executionId="866213e0-7c0d-493b-b3d9-2b2058ebdeed" testId="1a2cfdf5-43b5-8c1c-a166-36ddadd67f03" testName="Password (WSHttps,NetFramework,Windows)" computerName="runnervmxu3fp" duration="00:00:00.3775662" startTime="2026-04-20T20:14:20.3601969+00:00" endTime="2026-04-20T20:14:20.7378869+00:00" testType="13cdc9d9-ddb5-4fa4-a97d-d965ccfc6d4b" outcome="Failed" testListId="8c84fa94-04c1-424b-9868-57a2d4851a1d" relativeResultsDirectory="866213e0-7c0d-493b-b3d9-2b2058ebdeed">
      <Output>
        <StdOut>Windows&gt;dotnet dev-certs httpsWindows/Kestrel&gt;A valid HTTPS certificate is already present.&#xD;
Windows&gt;"C:\Program Files\dotnet\dotnet.exe" "D:\a\FuseCP\FuseCP\FuseCP\Sources\FuseCP.Server\bin_dotnet\FuseCP.Server.dll" --urls "http://localhost:9000;https://localhost:44305"</StdOut>
        <ErrorInfo>
          <Message>Test method FuseCP.Server.Tests.Tests.Password threw exception:&#xD;
System.ArgumentException: Arguments contain invalid shell meta characters. (Parameter 'cmd')</Message>
          <StackTrace>   at FuseCP.Providers.OS.Shell.ExecAsync(String cmd, Encoding encoding, Dictionary`2 environment) in D:\a\FuseCP\FuseCP\FuseCP\Sources\FuseCP.Providers.Base\OS\Shell.cs:line 300&#xD;
   at FuseCP.Tests.Kestrel..ctor(Component component, ValueTuple`2[] urls, WSLDistro wslDistro, Scheme readinessProtocol) in D:\a\FuseCP\FuseCP\FuseCP\Sources\FuseCP.Tests\Initialization\Kestrel.cs:line 127&#xD;
   at FuseCP.Tests.Servers.Start(ValueTuple`4 type) in D:\a\FuseCP\FuseCP\FuseCP\Sources\FuseCP.Tests\Initialization\Servers.cs:line 208&#xD;
   at FuseCP.Tests.Servers.Url(ValueTuple`4 type) in D:\a\FuseCP\FuseCP\FuseCP\Sources\FuseCP.Tests\Initialization\Servers.cs:line 240&#xD;
   at FuseCP.Tests.Servers.Url(Component component, Framework framework, Os os, Protocols protocol) in D:\a\FuseCP\FuseCP\FuseCP\Sources\FuseCP.Tests\Initialization\Servers.cs:line 257&#xD;
   at FuseCP.Server.Tests.Tests.Password(Protocols protocol, Framework framework, Os os) in D:\a\FuseCP\FuseCP\FuseCP\Sources\FuseCP.Server.Tests\Tests\Tests.cs:line 100&#xD;
   at InvokeStub_Tests.Password(Object, Span`1)&#xD;
   at System.Reflection.MethodBaseInvoker.InvokeWithFewArgs(Object obj, BindingFlags invokeAttr, Binder binder, Object[] parameters, CultureInfo culture)&#xD;
</StackTrace>
        </ErrorInfo>
      </Output>
    </UnitTestResult>
    <UnitTestResult executionId="7b1362cd-1571-4758-8803-151da0b1caa3" testId="12b5acdb-90e7-894a-9d86-f9c2457b6d8d" testName="WrongPassword (NetHttp,NetFramework,Windows)" computerName="runnervmxu3fp" duration="00:00:00.3950273" startTime="2026-04-20T20:14:37.3949248+00:00" endTime="2026-04-20T20:14:37.7899762+00:00" testType="13cdc9d9-ddb5-4fa4-a97d-d965ccfc6d4b" outcome="Failed" testListId="8c84fa94-04c1-424b-9868-57a2d4851a1d" relativeResultsDirectory="7b1362cd-1571-4758-8803-151da0b1caa3">
      <Output>
        <StdOut>Windows&gt;dotnet dev-certs httpsWindows/Kestrel&gt;A valid HTTPS certificate is already present.&#xD;
Windows&gt;"C:\Program Files\dotnet\dotnet.exe" "D:\a\FuseCP\FuseCP\FuseCP\Sources\FuseCP.Server\bin_dotnet\FuseCP.Server.dll" --urls "http://localhost:9000;https://localhost:44305"</StdOut>
        <ErrorInfo>
          <Message>Test method FuseCP.Server.Tests.Tests.WrongPassword threw exception:&#xD;
System.ArgumentException: Arguments contain invalid shell meta characters. (Parameter 'cmd')</Message>
          <StackTrace>   at FuseCP.Providers.OS.Shell.ExecAsync(String cmd, Encoding encoding, Dictionary`2 environment) in D:\a\FuseCP\FuseCP\FuseCP\Sources\FuseCP.Providers.Base\OS\Shell.cs:line 300&#xD;
   at FuseCP.Tests.Kestrel..ctor(Component component, ValueTuple`2[] urls, WSLDistro wslDistro, Scheme readinessProtocol) in D:\a\FuseCP\FuseCP\FuseCP\Sources\FuseCP.Tests\Initialization\Kestrel.cs:line 43&#xD;
   at FuseCP.Tests.Servers.Start(ValueTuple`4 type) in D:\a\FuseCP\FuseCP\FuseCP\Sources\FuseCP.Tests\Initialization\Servers.cs:line 208&#xD;
   at FuseCP.Tests.Servers.Url(Component component, Framework framework, Os os, Protocols protocol) in D:\a\FuseCP\FuseCP\FuseCP\Sources\FuseCP.Tests\Initialization\Servers.cs:line 257&#xD;
   at FuseCP.Server.Tests.Tests.WrongPassword(Protocols protocol, Framework framework, Os os) in D:\a\FuseCP\FuseCP\FuseCP\Sources\FuseCP.Server.Tests\Tests\Tests.cs:line 330&#xD;
   at InvokeStub_Tests.WrongPassword(Object, Span`1)&#xD;
   at System.Reflection.MethodBaseInvoker.InvokeWithFewArgs(Object obj, BindingFlags invokeAttr, Binder binder, Object[] parameters, CultureInfo culture)&#xD;
</StackTrace>
        </ErrorInfo>
      </Output>
    </UnitTestResult>
    <UnitTestResult executionId="1eeddb8d-2941-4171-b16e-f1adf305fd6c" testId="1a6553d8-22fc-86b3-ab56-d94895de0faa" testName="TestAutoDicoverAsync" computerName="runnervmxu3fp" duration="00:00:00.3786719" startTime="2026-04-20T20:14:24.0496753+00:00" endTime="2026-04-20T20:14:24.4308532+00:00" testType="13cdc9d9-ddb5-4fa4-a97d-d965ccfc6d4b" outcome="Failed" testListId="8c84fa94-04c1-424b-9868-57a2d4851a1d" relativeResultsDirectory="1eeddb8d-2941-4171-b16e-f1adf305fd6c">
      <Output>
        <StdOut>Windows&gt;dotnet dev-certs httpsWindows/Kestrel&gt;A valid HTTPS certificate is already present.&#xD;
Windows&gt;"C:\Program Files\dotnet\dotnet.exe" "D:\a\FuseCP\FuseCP\FuseCP\Sources\FuseCP.Server\bin_dotnet\FuseCP.Server.dll" --urls "http://localhost:9000;https://localhost:44305"</StdOut>
        <ErrorInfo>
          <Message>Test method FuseCP.Server.Tests.Tests.TestAutoDicoverAsync threw exception:&#xD;
System.ArgumentException: Arguments contain invalid shell meta characters. (Parameter 'cmd')</Message>
          <StackTrace>   at FuseCP.Providers.OS.Shell.ExecAsync(String cmd, Encoding encoding, Dictionary`2 environment) in D:\a\FuseCP\FuseCP\FuseCP\Sources\FuseCP.Providers.Base\OS\Shell.cs:line 300&#xD;
   at FuseCP.Tests.Kestrel..ctor(Component component, ValueTuple`2[] urls, WSLDistro wslDistro, Scheme readinessProtocol) in D:\a\FuseCP\FuseCP\FuseCP\Sources\FuseCP.Tests\Initialization\Kestrel.cs:line 127&#xD;
   at FuseCP.Tests.Servers.Start(ValueTuple`4 type) in D:\a\FuseCP\FuseCP\FuseCP\Sources\FuseCP.Tests\Initialization\Servers.cs:line 208&#xD;
   at FuseCP.Tests.Servers.Url(ValueTuple`4 type) in D:\a\FuseCP\FuseCP\FuseCP\Sources\FuseCP.Tests\Initialization\Servers.cs:line 240&#xD;
   at FuseCP.Tests.Servers.Url(Component component, Framework framework, Os os, Protocols protocol) in D:\a\FuseCP\FuseCP\FuseCP\Sources\FuseCP.Tests\Initialization\Servers.cs:line 257&#xD;
   at FuseCP.Server.Tests.Tests.TestAutoDicoverAsync() in D:\a\FuseCP\FuseCP\FuseCP\Sources\FuseCP.Server.Tests\Tests\Tests.cs:line 122&#xD;
   at Microsoft.VisualStudio.TestPlatform.MSTest.TestAdapter.Execution.TestMethodInfo.ExecuteInternalAsync(Object[] arguments, CancellationTokenSource timeoutTokenSource) in /_/src/Adapter/MSTestAdapter.PlatformServices/Execution/TestMethodInfo.cs:line 407&#xD;
</StackTrace>
        </ErrorInfo>
      </Output>
    </UnitTestResult>
    <UnitTestResult executionId="0310e124-1d10-4b25-a3e8-22c1c85c8c0d" testId="1522a0b0-1a61-810a-bf51-442a3cbd6194" testName="Password (NetHttps,NetFramework,Windows)" computerName="runnervmxu3fp" duration="00:00:00.3482145" startTime="2026-04-20T20:14:20.7379868+00:00" endTime="2026-04-20T20:14:21.0863099+00:00" testType="13cdc9d9-ddb5-4fa4-a97d-d965ccfc6d4b" outcome="Failed" testListId="8c84fa94-04c1-424b-9868-57a2d4851a1d" relativeResultsDirectory="0310e124-1d10-4b25-a3e8-22c1c85c8c0d">
      <Output>
        <StdOut>Windows&gt;dotnet dev-certs httpsWindows/Kestrel&gt;A valid HTTPS certificate is already present.&#xD;
Windows&gt;"C:\Program Files\dotnet\dotnet.exe" "D:\a\FuseCP\FuseCP\FuseCP\Sources\FuseCP.Server\bin_dotnet\FuseCP.Server.dll" --urls "http://localhost:9000;https://localhost:44305"</StdOut>
        <ErrorInfo>
          <Message>Test method FuseCP.Server.Tests.Tests.Password threw exception:&#xD;
System.ArgumentException: Arguments contain invalid shell meta characters. (Parameter 'cmd')</Message>
          <StackTrace>   at FuseCP.Providers.OS.Shell.ExecAsync(String cmd, Encoding encoding, Dictionary`2 environment) in D:\a\FuseCP\FuseCP\FuseCP\Sources\FuseCP.Providers.Base\OS\Shell.cs:line 300&#xD;
   at FuseCP.Tests.Kestrel..ctor(Component component, ValueTuple`2[] urls, WSLDistro wslDistro, Scheme readinessProtocol) in D:\a\FuseCP\FuseCP\FuseCP\Sources\FuseCP.Tests\Initialization\Kestrel.cs:line 127&#xD;
   at FuseCP.Tests.Servers.Start(ValueTuple`4 type) in D:\a\FuseCP\FuseCP\FuseCP\Sources\FuseCP.Tests\Initialization\Servers.cs:line 208&#xD;
   at FuseCP.Tests.Servers.Url(ValueTuple`4 type) in D:\a\FuseCP\FuseCP\FuseCP\Sources\FuseCP.Tests\Initialization\Servers.cs:line 240&#xD;
   at FuseCP.Tests.Servers.Url(Component component, Framework framework, Os os, Protocols protocol) in D:\a\FuseCP\FuseCP\FuseCP\Sources\FuseCP.Tests\Initialization\Servers.cs:line 257&#xD;
   at FuseCP.Server.Tests.Tests.Password(Protocols protocol, Framework framework, Os os) in D:\a\FuseCP\FuseCP\FuseCP\Sources\FuseCP.Server.Tests\Tests\Tests.cs:line 100&#xD;
   at InvokeStub_Tests.Password(Object, Span`1)&#xD;
   at System.Reflection.MethodBaseInvoker.InvokeWithFewArgs(Object obj, BindingFlags invokeAttr, Binder binder, Object[] parameters, CultureInfo culture)&#xD;
</StackTrace>
        </ErrorInfo>
      </Output>
    </UnitTestResult>
    <UnitTestResult executionId="5a418506-d0d0-49f5-a803-ee51c06e7cfa" testId="1d506e40-5685-87bf-9f2a-7d7a3b320f4a" testName="WrongPassword (WSHttp,NetFramework,Windows)" computerName="runnervmxu3fp" duration="00:00:00.0000191" startTime="2026-04-20T20:14:37.3948727+00:00" endTime="2026-04-20T20:14:37.3949212+00:00" testType="13cdc9d9-ddb5-4fa4-a97d-d965ccfc6d4b" outcome="Passed" testListId="8c84fa94-04c1-424b-9868-57a2d4851a1d" relativeResultsDirectory="5a418506-d0d0-49f5-a803-ee51c06e7cfa" />
    <UnitTestResult executionId="cba46ab0-d583-44a5-b49d-e1cd55ec3351" testId="17f0ad98-7798-801f-a2f3-50e77c0b66d0" testName="Echo (NetHttp,NetFramework,Windows)" computerName="runnervmxu3fp" duration="00:00:00.3652522" startTime="2026-04-20T20:14:25.8652245+00:00" endTime="2026-04-20T20:14:26.2305201+00:00" testType="13cdc9d9-ddb5-4fa4-a97d-d965ccfc6d4b" outcome="Failed" testListId="8c84fa94-04c1-424b-9868-57a2d4851a1d" relativeResultsDirectory="cba46ab0-d583-44a5-b49d-e1cd55ec3351">
      <Output>
        <StdOut>Windows&gt;dotnet dev-certs httpsWindows/Kestrel&gt;A valid HTTPS certificate is already present.&#xD;
Windows&gt;"C:\Program Files\dotnet\dotnet.exe" "D:\a\FuseCP\FuseCP\FuseCP\Sources\FuseCP.Server\bin_dotnet\FuseCP.Server.dll" --urls "http://localhost:9000;https://localhost:44305"</StdOut>
        <ErrorInfo>
          <Message>Test method FuseCP.Server.Tests.Tests.Echo threw exception:&#xD;
System.ArgumentException: Arguments contain invalid shell meta characters. (Parameter 'cmd')</Message>
          <StackTrace>   at FuseCP.Providers.OS.Shell.ExecAsync(String cmd, Encoding encoding, Dictionary`2 environment) in D:\a\FuseCP\FuseCP\FuseCP\Sources\FuseCP.Providers.Base\OS\Shell.cs:line 300&#xD;
   at FuseCP.Tests.Kestrel..ctor(Component component, ValueTuple`2[] urls, WSLDistro wslDistro, Scheme readinessProtocol) in D:\a\FuseCP\FuseCP\FuseCP\Sources\FuseCP.Tests\Initialization\Kestrel.cs:line 127&#xD;
   at FuseCP.Tests.Servers.Start(ValueTuple`4 type) in D:\a\FuseCP\FuseCP\FuseCP\Sources\FuseCP.Tests\Initialization\Servers.cs:line 208&#xD;
   at FuseCP.Tests.Servers.Url(ValueTuple`4 type) in D:\a\FuseCP\FuseCP\FuseCP\Sources\FuseCP.Tests\Initialization\Servers.cs:line 240&#xD;
   at FuseCP.Tests.Servers.Url(Component component, Framework framework, Os os, Protocols protocol) in D:\a\FuseCP\FuseCP\FuseCP\Sources\FuseCP.Tests\Initialization\Servers.cs:line 257&#xD;
   at FuseCP.Server.Tests.Tests.Echo(Protocols protocol, Framework framework, Os os) in D:\a\FuseCP\FuseCP\FuseCP\Sources\FuseCP.Server.Tests\Tests\Tests.cs:line 160&#xD;
   at InvokeStub_Tests.Echo(Object, Span`1)&#xD;
   at System.Reflection.MethodBaseInvoker.InvokeWithFewArgs(Object obj, BindingFlags invokeAttr, Binder binder, Object[] parameters, CultureInfo culture)&#xD;
</StackTrace>
        </ErrorInfo>
      </Output>
    </UnitTestResult>
    <UnitTestResult executionId="7c6575e4-0ce4-4be7-a665-5bcb00181f90" testId="13505c0d-2912-84eb-b1e0-57bd74e16c5b" testName="Echo (WSHttp,NetFramework,Windows)" computerName="runnervmxu3fp" duration="00:00:00.0000135" startTime="2026-04-20T20:14:25.8651550+00:00" endTime="2026-04-20T20:14:25.8652156+00:00" testType="13cdc9d9-ddb5-4fa4-a97d-d965ccfc6d4b" outcome="Passed" testListId="8c84fa94-04c1-424b-9868-57a2d4851a1d" relativeResultsDirectory="7c6575e4-0ce4-4be7-a665-5bcb00181f90" />
    <UnitTestResult executionId="ac9fc20e-334f-4ebd-bbe6-9ff28cadafd3" testId="1f4c2e26-5188-8d1c-816c-bcbd62ceb687" testName="AnonymousWithSoapHeader (NetHttp,Core,Windows)" computerName="runnervmxu3fp" duration="00:00:00.3241015" startTime="2026-04-20T20:14:31.6522000+00:00" endTime="2026-04-20T20:14:31.9764565+00:00" testType="13cdc9d9-ddb5-4fa4-a97d-d965ccfc6d4b" outcome="Failed" testListId="8c84fa94-04c1-424b-9868-57a2d4851a1d" relativeResultsDirectory="ac9fc20e-334f-4ebd-bbe6-9ff28cadafd3">
      <Output>
        <StdOut>Windows&gt;dotnet dev-certs httpsWindows/Kestrel&gt;A valid HTTPS certificate is already present.&#xD;
Windows&gt;"C:\Program Files\dotnet\dotnet.exe" "D:\a\FuseCP\FuseCP\FuseCP\Sources\FuseCP.Server\bin_dotnet\FuseCP.Server.dll" --urls "http://localhost:9005;https://localhost:9055"</StdOut>
        <ErrorInfo>
          <Message>Test method FuseCP.Server.Tests.Tests.AnonymousWithSoapHeader threw exception:&#xD;
System.ArgumentException: Arguments contain invalid shell meta characters. (Parameter 'cmd')</Message>
          <StackTrace>   at FuseCP.Providers.OS.Shell.ExecAsync(String cmd, Encoding encoding, Dictionary`2 environment) in D:\a\FuseCP\FuseCP\FuseCP\Sources\FuseCP.Providers.Base\OS\Shell.cs:line 300&#xD;
   at FuseCP.Tests.Kestrel..ctor(Component component, ValueTuple`2[] urls, WSLDistro wslDistro, Scheme readinessProtocol) in D:\a\FuseCP\FuseCP\FuseCP\Sources\FuseCP.Tests\Initialization\Kestrel.cs:line 127&#xD;
   at FuseCP.Tests.Servers.Start(ValueTuple`4 type) in D:\a\FuseCP\FuseCP\FuseCP\Sources\FuseCP.Tests\Initialization\Servers.cs:line 211&#xD;
   at FuseCP.Tests.Servers.Url(ValueTuple`4 type) in D:\a\FuseCP\FuseCP\FuseCP\Sources\FuseCP.Tests\Initialization\Servers.cs:line 240&#xD;
   at FuseCP.Tests.Servers.Url(Component component, Framework framework, Os os, Protocols protocol) in D:\a\FuseCP\FuseCP\FuseCP\Sources\FuseCP.Tests\Initialization\Servers.cs:line 257&#xD;
   at FuseCP.Server.Tests.Tests.AnonymousWithSoapHeader(Protocols protocol, Framework framework, Os os) in D:\a\FuseCP\FuseCP\FuseCP\Sources\FuseCP.Server.Tests\Tests\Tests.cs:line 204&#xD;
   at InvokeStub_Tests.AnonymousWithSoapHeader(Object, Span`1)&#xD;
   at System.Reflection.MethodBaseInvoker.InvokeWithFewArgs(Object obj, BindingFlags invokeAttr, Binder binder, Object[] parameters, CultureInfo culture)&#xD;
</StackTrace>
        </ErrorInfo>
      </Output>
    </UnitTestResult>
    <UnitTestResult executionId="8b226014-7b07-4e96-8e7e-af0a63076492" testId="10829576-779f-826b-bf0c-cf10564bf65f" testName="Authenticated (BasicHttps,Core,Ubuntu)" computerName="runnervmxu3fp" duration="00:00:00.0460394" startTime="2026-04-20T20:14:35.7211807+00:00" endTime="2026-04-20T20:14:35.7672600+00:00" testType="13cdc9d9-ddb5-4fa4-a97d-d965ccfc6d4b" outcome="Failed" testListId="8c84fa94-04c1-424b-9868-57a2d4851a1d" relativeResultsDirectory="8b226014-7b07-4e96-8e7e-af0a63076492">
      <Output>
        <ErrorInfo>
          <Message>Test method FuseCP.Server.Tests.Tests.Authenticated threw exception:&#xD;
System.ArgumentException: Arguments contain invalid shell meta characters. (Parameter 'cmd')</Message>
          <StackTrace>   at FuseCP.Providers.OS.Shell.ExecAsync(String cmd, Encoding encoding, Dictionary`2 environment) in D:\a\FuseCP\FuseCP\FuseCP\Sources\FuseCP.Providers.Base\OS\Shell.cs:line 300&#xD;
   at FuseCP.Tests.Kestrel..ctor(Component component, ValueTuple`2[] urls, WSLDistro wslDistro, Scheme readinessProtocol) in D:\a\FuseCP\FuseCP\FuseCP\Sources\FuseCP.Tests\Initialization\Kestrel.cs:line 43&#xD;
   at FuseCP.Tests.Servers.Start(ValueTuple`4 type) in D:\a\FuseCP\FuseCP\FuseCP\Sources\FuseCP.Tests\Initialization\Servers.cs:line 216&#xD;
   at FuseCP.Tests.Servers.Url(Component component, Framework framework, Os os, Protocols protocol) in D:\a\FuseCP\FuseCP\FuseCP\Sources\FuseCP.Tests\Initialization\Servers.cs:line 257&#xD;
   at FuseCP.Server.Tests.Tests.Authenticated(Protocols protocol, Framework framework, Os os) in D:\a\FuseCP\FuseCP\FuseCP\Sources\FuseCP.Server.Tests\Tests\Tests.cs:line 278&#xD;
   at InvokeStub_Tests.Authenticated(Object, Span`1)&#xD;
   at System.Reflection.MethodBaseInvoker.InvokeWithFewArgs(Object obj, BindingFlags invokeAttr, Binder binder, Object[] parameters, CultureInfo culture)&#xD;
</StackTrace>
        </ErrorInfo>
      </Output>
    </UnitTestResult>
    <UnitTestResult executionId="2f20cdfd-7845-49cb-a96e-454282a90831" testId="1ab24ca4-2481-8bea-90ae-a2ef333d98eb" testName="WrongPassword (WSHttps,Core,Ubuntu)" computerName="runnervmxu3fp" duration="00:00:00.0420424" startTime="2026-04-20T20:14:39.6793087+00:00" endTime="2026-04-20T20:14:39.7213830+00:00" testType="13cdc9d9-ddb5-4fa4-a97d-d965ccfc6d4b" outcome="Failed" testListId="8c84fa94-04c1-424b-9868-57a2d4851a1d" relativeResultsDirectory="2f20cdfd-7845-49cb-a96e-454282a90831">
      <Output>
        <ErrorInfo>
          <Message>Test method FuseCP.Server.Tests.Tests.WrongPassword threw exception:&#xD;
System.ArgumentException: Arguments contain invalid shell meta characters. (Parameter 'cmd')</Message>
          <StackTrace>   at FuseCP.Providers.OS.Shell.ExecAsync(String cmd, Encoding encoding, Dictionary`2 environment) in D:\a\FuseCP\FuseCP\FuseCP\Sources\FuseCP.Providers.Base\OS\Shell.cs:line 300&#xD;
   at FuseCP.Tests.Kestrel..ctor(Component component, ValueTuple`2[] urls, WSLDistro wslDistro, Scheme readinessProtocol) in D:\a\FuseCP\FuseCP\FuseCP\Sources\FuseCP.Tests\Initialization\Kestrel.cs:line 43&#xD;
   at FuseCP.Tests.Servers.Start(ValueTuple`4 type) in D:\a\FuseCP\FuseCP\FuseCP\Sources\FuseCP.Tests\Initialization\Servers.cs:line 216&#xD;
   at FuseCP.Tests.Servers.Url(Component component, Framework framework, Os os, Protocols protocol) in D:\a\FuseCP\FuseCP\FuseCP\Sources\FuseCP.Tests\Initialization\Servers.cs:line 257&#xD;
   at FuseCP.Server.Tests.Tests.WrongPassword(Protocols protocol, Framework framework, Os os) in D:\a\FuseCP\FuseCP\FuseCP\Sources\FuseCP.Server.Tests\Tests\Tests.cs:line 330&#xD;
   at InvokeStub_Tests.WrongPassword(Object, Span`1)&#xD;
   at System.Reflection.MethodBaseInvoker.InvokeWithFewArgs(Object obj, BindingFlags invokeAttr, Binder binder, Object[] parameters, CultureInfo culture)&#xD;
</StackTrace>
        </ErrorInfo>
      </Output>
    </UnitTestResult>
    <UnitTestResult executionId="ad9b2789-a73d-4549-897a-838bc57ecf40" testId="15afa593-44d4-87a1-bf4d-7967cfc29434" testName="AnonymousWithSoapHeader (WSHttps,Core,Windows)" computerName="runnervmxu3fp" duration="00:00:00.4344583" startTime="2026-04-20T20:14:30.4659517+00:00" endTime="2026-04-20T20:14:30.9005378+00:00" testType="13cdc9d9-ddb5-4fa4-a97d-d965ccfc6d4b" outcome="Failed" testListId="8c84fa94-04c1-424b-9868-57a2d4851a1d" relativeResultsDirectory="ad9b2789-a73d-4549-897a-838bc57ecf40">
      <Output>
        <StdOut>Windows&gt;dotnet dev-certs httpsWindows/Kestrel&gt;A valid HTTPS certificate is already present.&#xD;
Windows&gt;"C:\Program Files\dotnet\dotnet.exe" "D:\a\FuseCP\FuseCP\FuseCP\Sources\FuseCP.Server\bin_dotnet\FuseCP.Server.dll" --urls "http://localhost:9005;https://localhost:9055"</StdOut>
        <ErrorInfo>
          <Message>Test method FuseCP.Server.Tests.Tests.AnonymousWithSoapHeader threw exception:&#xD;
System.ArgumentException: Arguments contain invalid shell meta characters. (Parameter 'cmd')</Message>
          <StackTrace>   at FuseCP.Providers.OS.Shell.ExecAsync(String cmd, Encoding encoding, Dictionary`2 environment) in D:\a\FuseCP\FuseCP\FuseCP\Sources\FuseCP.Providers.Base\OS\Shell.cs:line 300&#xD;
   at FuseCP.Tests.Kestrel..ctor(Component component, ValueTuple`2[] urls, WSLDistro wslDistro, Scheme readinessProtocol) in D:\a\FuseCP\FuseCP\FuseCP\Sources\FuseCP.Tests\Initialization\Kestrel.cs:line 127&#xD;
   at FuseCP.Tests.Servers.Start(ValueTuple`4 type) in D:\a\FuseCP\FuseCP\FuseCP\Sources\FuseCP.Tests\Initialization\Servers.cs:line 211&#xD;
   at FuseCP.Tests.Servers.Url(ValueTuple`4 type) in D:\a\FuseCP\FuseCP\FuseCP\Sources\FuseCP.Tests\Initialization\Servers.cs:line 240&#xD;
   at FuseCP.Tests.Servers.Url(Component component, Framework framework, Os os, Protocols protocol) in D:\a\FuseCP\FuseCP\FuseCP\Sources\FuseCP.Tests\Initialization\Servers.cs:line 257&#xD;
   at FuseCP.Server.Tests.Tests.AnonymousWithSoapHeader(Protocols protocol, Framework framework, Os os) in D:\a\FuseCP\FuseCP\FuseCP\Sources\FuseCP.Server.Tests\Tests\Tests.cs:line 204&#xD;
   at InvokeStub_Tests.AnonymousWithSoapHeader(Object, Span`1)&#xD;
   at System.Reflection.MethodBaseInvoker.InvokeWithFewArgs(Object obj, BindingFlags invokeAttr, Binder binder, Object[] parameters, CultureInfo culture)&#xD;
</StackTrace>
        </ErrorInfo>
      </Output>
    </UnitTestResult>
    <UnitTestResult executionId="ebb94c8e-be81-4da0-ac9f-7b58f4aa7e0d" testId="12b40b1d-4c9c-8576-8469-891d5af3e785" testName="AnonymousWithSoapHeader (WSHttp,NetFramework,Windows)" computerName="runnervmxu3fp" duration="00:00:00.0000157" startTime="2026-04-20T20:14:29.6308746+00:00" endTime="2026-04-20T20:14:29.6309402+00:00" testType="13cdc9d9-ddb5-4fa4-a97d-d965ccfc6d4b" outcome="Passed" testListId="8c84fa94-04c1-424b-9868-57a2d4851a1d" relativeResultsDirectory="ebb94c8e-be81-4da0-ac9f-7b58f4aa7e0d" />
    <UnitTestResult executionId="92f4768a-2703-4c80-a831-f90d83935286" testId="181c6b4f-d5c5-81ea-a832-9bfe53add06f" testName="Echo (NetHttps,NetFramework,Windows)" computerName="runnervmxu3fp" duration="00:00:00.3444504" startTime="2026-04-20T20:14:25.1746785+00:00" endTime="2026-04-20T20:14:25.5192022+00:00" testType="13cdc9d9-ddb5-4fa4-a97d-d965ccfc6d4b" outcome="Failed" testListId="8c84fa94-04c1-424b-9868-57a2d4851a1d" relativeResultsDirectory="92f4768a-2703-4c80-a831-f90d83935286">
      <Output>
        <StdOut>Windows&gt;dotnet dev-certs httpsWindows/Kestrel&gt;A valid HTTPS certificate is already present.&#xD;
Windows&gt;"C:\Program Files\dotnet\dotnet.exe" "D:\a\FuseCP\FuseCP\FuseCP\Sources\FuseCP.Server\bin_dotnet\FuseCP.Server.dll" --urls "http://localhost:9000;https://localhost:44305"</StdOut>
        <ErrorInfo>
          <Message>Test method FuseCP.Server.Tests.Tests.Echo threw exception:&#xD;
System.ArgumentException: Arguments contain invalid shell meta characters. (Parameter 'cmd')</Message>
          <StackTrace>   at FuseCP.Providers.OS.Shell.ExecAsync(String cmd, Encoding encoding, Dictionary`2 environment) in D:\a\FuseCP\FuseCP\FuseCP\Sources\FuseCP.Providers.Base\OS\Shell.cs:line 300&#xD;
   at FuseCP.Tests.Kestrel..ctor(Component component, ValueTuple`2[] urls, WSLDistro wslDistro, Scheme readinessProtocol) in D:\a\FuseCP\FuseCP\FuseCP\Sources\FuseCP.Tests\Initialization\Kestrel.cs:line 127&#xD;
   at FuseCP.Tests.Servers.Start(ValueTuple`4 type) in D:\a\FuseCP\FuseCP\FuseCP\Sources\FuseCP.Tests\Initialization\Servers.cs:line 208&#xD;
   at FuseCP.Tests.Servers.Url(ValueTuple`4 type) in D:\a\FuseCP\FuseCP\FuseCP\Sources\FuseCP.Tests\Initialization\Servers.cs:line 240&#xD;
   at FuseCP.Tests.Servers.Url(Component component, Framework framework, Os os, Protocols protocol) in D:\a\FuseCP\FuseCP\FuseCP\Sources\FuseCP.Tests\Initialization\Servers.cs:line 257&#xD;
   at FuseCP.Server.Tests.Tests.Echo(Protocols protocol, Framework framework, Os os) in D:\a\FuseCP\FuseCP\FuseCP\Sources\FuseCP.Server.Tests\Tests\Tests.cs:line 160&#xD;
   at InvokeStub_Tests.Echo(Object, Span`1)&#xD;
   at System.Reflection.MethodBaseInvoker.InvokeWithFewArgs(Object obj, BindingFlags invokeAttr, Binder binder, Object[] parameters, CultureInfo culture)&#xD;
</StackTrace>
        </ErrorInfo>
      </Output>
    </UnitTestResult>
    <UnitTestResult executionId="5a914216-f6b9-4d5e-b35e-ffc4d7af3d01" testId="1cd73c3d-a143-816d-abf3-a903e2c9711b" testName="AnonymousWithSoapHeader (WSHttps,Core,Ubuntu)" computerName="runnervmxu3fp" duration="00:00:00.0496985" startTime="2026-04-20T20:14:32.0274970+00:00" endTime="2026-04-20T20:14:32.0772677+00:00" testType="13cdc9d9-ddb5-4fa4-a97d-d965ccfc6d4b" outcome="Failed" testListId="8c84fa94-04c1-424b-9868-57a2d4851a1d" relativeResultsDirectory="5a914216-f6b9-4d5e-b35e-ffc4d7af3d01">
      <Output>
        <ErrorInfo>
          <Message>Test method FuseCP.Server.Tests.Tests.AnonymousWithSoapHeader threw exception:&#xD;
System.ArgumentException: Arguments contain invalid shell meta characters. (Parameter 'cmd')</Message>
          <StackTrace>   at FuseCP.Providers.OS.Shell.ExecAsync(String cmd, Encoding encoding, Dictionary`2 environment) in D:\a\FuseCP\FuseCP\FuseCP\Sources\FuseCP.Providers.Base\OS\Shell.cs:line 300&#xD;
   at FuseCP.Providers.OS.WSLShell.ExecAsync(String command, Encoding encoding, Dictionary`2 environment) in D:\a\FuseCP\FuseCP\FuseCP\Sources\FuseCP.Providers.Base\OS\WSLShell.cs:line 651&#xD;
   at FuseCP.Providers.OS.Shell.Exec(String command, Encoding encoding, Dictionary`2 environment) in D:\a\FuseCP\FuseCP\FuseCP\Sources\FuseCP.Providers.Base\OS\Shell.cs:line 410&#xD;
   at FuseCP.Tests.Kestrel..ctor(Component component, ValueTuple`2[] urls, WSLDistro wslDistro, Scheme readinessProtocol) in D:\a\FuseCP\FuseCP\FuseCP\Sources\FuseCP.Tests\Initialization\Kestrel.cs:line 76&#xD;
   at FuseCP.Tests.Servers.Start(ValueTuple`4 type) in D:\a\FuseCP\FuseCP\FuseCP\Sources\FuseCP.Tests\Initialization\Servers.cs:line 216&#xD;
   at FuseCP.Tests.Servers.Url(ValueTuple`4 type) in D:\a\FuseCP\FuseCP\FuseCP\Sources\FuseCP.Tests\Initialization\Servers.cs:line 240&#xD;
   at FuseCP.Tests.Servers.Url(Component component, Framework framework, Os os, Protocols protocol) in D:\a\FuseCP\FuseCP\FuseCP\Sources\FuseCP.Tests\Initialization\Servers.cs:line 257&#xD;
   at FuseCP.Server.Tests.Tests.AnonymousWithSoapHeader(Protocols protocol, Framework framework, Os os) in D:\a\FuseCP\FuseCP\FuseCP\Sources\FuseCP.Server.Tests\Tests\Tests.cs:line 204&#xD;
   at InvokeStub_Tests.AnonymousWithSoapHeader(Object, Span`1)&#xD;
   at System.Reflection.MethodBaseInvoker.InvokeWithFewArgs(Object obj, BindingFlags invokeAttr, Binder binder, Object[] parameters, CultureInfo culture)&#xD;
</StackTrace>
        </ErrorInfo>
      </Output>
    </UnitTestResult>
    <UnitTestResult executionId="7f4fce46-1c0a-43f7-b83b-3823cca58dea" testId="165f7a61-3774-8168-8fc1-404f01bc6efb" testName="AnonymousWithSoapHeader (BasicHttps,Core,Ubuntu)" computerName="runnervmxu3fp" duration="00:00:00.0507514" startTime="2026-04-20T20:14:31.9765227+00:00" endTime="2026-04-20T20:14:32.0274377+00:00" testType="13cdc9d9-ddb5-4fa4-a97d-d965ccfc6d4b" outcome="Failed" testListId="8c84fa94-04c1-424b-9868-57a2d4851a1d" relativeResultsDirectory="7f4fce46-1c0a-43f7-b83b-3823cca58dea">
      <Output>
        <ErrorInfo>
          <Message>Test method FuseCP.Server.Tests.Tests.AnonymousWithSoapHeader threw exception:&#xD;
System.ArgumentException: Arguments contain invalid shell meta characters. (Parameter 'cmd')</Message>
          <StackTrace>   at FuseCP.Providers.OS.Shell.ExecAsync(String cmd, Encoding encoding, Dictionary`2 environment) in D:\a\FuseCP\FuseCP\FuseCP\Sources\FuseCP.Providers.Base\OS\Shell.cs:line 300&#xD;
   at FuseCP.Providers.OS.WSLShell.ExecAsync(String command, Encoding encoding, Dictionary`2 environment) in D:\a\FuseCP\FuseCP\FuseCP\Sources\FuseCP.Providers.Base\OS\WSLShell.cs:line 651&#xD;
   at FuseCP.Providers.OS.Shell.Exec(String command, Encoding encoding, Dictionary`2 environment) in D:\a\FuseCP\FuseCP\FuseCP\Sources\FuseCP.Providers.Base\OS\Shell.cs:line 410&#xD;
   at FuseCP.Tests.Kestrel..ctor(Component component, ValueTuple`2[] urls, WSLDistro wslDistro, Scheme readinessProtocol) in D:\a\FuseCP\FuseCP\FuseCP\Sources\FuseCP.Tests\Initialization\Kestrel.cs:line 76&#xD;
   at FuseCP.Tests.Servers.Start(ValueTuple`4 type) in D:\a\FuseCP\FuseCP\FuseCP\Sources\FuseCP.Tests\Initialization\Servers.cs:line 216&#xD;
   at FuseCP.Tests.Servers.Url(ValueTuple`4 type) in D:\a\FuseCP\FuseCP\FuseCP\Sources\FuseCP.Tests\Initialization\Servers.cs:line 240&#xD;
   at FuseCP.Tests.Servers.Url(Component component, Framework framework, Os os, Protocols protocol) in D:\a\FuseCP\FuseCP\FuseCP\Sources\FuseCP.Tests\Initialization\Servers.cs:line 257&#xD;
   at FuseCP.Server.Tests.Tests.AnonymousWithSoapHeader(Protocols protocol, Framework framework, Os os) in D:\a\FuseCP\FuseCP\FuseCP\Sources\FuseCP.Server.Tests\Tests\Tests.cs:line 204&#xD;
   at InvokeStub_Tests.AnonymousWithSoapHeader(Object, Span`1)&#xD;
   at System.Reflection.MethodBaseInvoker.InvokeWithFewArgs(Object obj, BindingFlags invokeAttr, Binder binder, Object[] parameters, CultureInfo culture)&#xD;
</StackTrace>
        </ErrorInfo>
      </Output>
    </UnitTestResult>
    <UnitTestResult executionId="a25999fc-070d-4a2c-b6bb-cba998cae0fa" testId="1755f376-497e-8827-8e8a-2af9635d6bc1" testName="WrongPassword (NetHttps,NetFramework,Windows)" computerName="runnervmxu3fp" duration="00:00:00.3864054" startTime="2026-04-20T20:14:36.6323316+00:00" endTime="2026-04-20T20:14:37.0187749+00:00" testType="13cdc9d9-ddb5-4fa4-a97d-d965ccfc6d4b" outcome="Failed" testListId="8c84fa94-04c1-424b-9868-57a2d4851a1d" relativeResultsDirectory="a25999fc-070d-4a2c-b6bb-cba998cae0fa">
      <Output>
        <StdOut>Windows&gt;dotnet dev-certs httpsWindows/Kestrel&gt;A valid HTTPS certificate is already present.&#xD;
Windows&gt;"C:\Program Files\dotnet\dotnet.exe" "D:\a\FuseCP\FuseCP\FuseCP\Sources\FuseCP.Server\bin_dotnet\FuseCP.Server.dll" --urls "http://localhost:9000;https://localhost:44305"</StdOut>
        <ErrorInfo>
          <Message>Test method FuseCP.Server.Tests.Tests.WrongPassword threw exception:&#xD;
System.ArgumentException: Arguments contain invalid shell meta characters. (Parameter 'cmd')</Message>
          <StackTrace>   at FuseCP.Providers.OS.Shell.ExecAsync(String cmd, Encoding encoding, Dictionary`2 environment) in D:\a\FuseCP\FuseCP\FuseCP\Sources\FuseCP.Providers.Base\OS\Shell.cs:line 300&#xD;
   at FuseCP.Tests.Kestrel..ctor(Component component, ValueTuple`2[] urls, WSLDistro wslDistro, Scheme readinessProtocol) in D:\a\FuseCP\FuseCP\FuseCP\Sources\FuseCP.Tests\Initialization\Kestrel.cs:line 43&#xD;
   at FuseCP.Tests.Servers.Start(ValueTuple`4 type) in D:\a\FuseCP\FuseCP\FuseCP\Sources\FuseCP.Tests\Initialization\Servers.cs:line 208&#xD;
   at FuseCP.Tests.Servers.Url(Component component, Framework framework, Os os, Protocols protocol) in D:\a\FuseCP\FuseCP\FuseCP\Sources\FuseCP.Tests\Initialization\Servers.cs:line 257&#xD;
   at FuseCP.Server.Tests.Tests.WrongPassword(Protocols protocol, Framework framework, Os os) in D:\a\FuseCP\FuseCP\FuseCP\Sources\FuseCP.Server.Tests\Tests\Tests.cs:line 330&#xD;
   at InvokeStub_Tests.WrongPassword(Object, Span`1)&#xD;
   at System.Reflection.MethodBaseInvoker.InvokeWithFewArgs(Object obj, BindingFlags invokeAttr, Binder binder, Object[] parameters, CultureInfo culture)&#xD;
</StackTrace>
        </ErrorInfo>
      </Output>
    </UnitTestResult>
    <UnitTestResult executionId="7b1f4f89-9467-456c-8d67-8b73aea3a55b" testId="15462007-a514-8f79-8031-241149cb5280" testName="Password (WSHttps,Core,Ubuntu)" computerName="runnervmxu3fp" duration="00:00:00.0452284" startTime="2026-04-20T20:14:23.8249332+00:00" endTime="2026-04-20T20:14:23.8702478+00:00" testType="13cdc9d9-ddb5-4fa4-a97d-d965ccfc6d4b" outcome="Failed" testListId="8c84fa94-04c1-424b-9868-57a2d4851a1d" relativeResultsDirectory="7b1f4f89-9467-456c-8d67-8b73aea3a55b">
      <Output>
        <ErrorInfo>
          <Message>Test method FuseCP.Server.Tests.Tests.Password threw exception:&#xD;
System.ArgumentException: Arguments contain invalid shell meta characters. (Parameter 'cmd')</Message>
          <StackTrace>   at FuseCP.Providers.OS.Shell.ExecAsync(String cmd, Encoding encoding, Dictionary`2 environment) in D:\a\FuseCP\FuseCP\FuseCP\Sources\FuseCP.Providers.Base\OS\Shell.cs:line 300&#xD;
   at FuseCP.Providers.OS.WSLShell.ExecAsync(String command, Encoding encoding, Dictionary`2 environment) in D:\a\FuseCP\FuseCP\FuseCP\Sources\FuseCP.Providers.Base\OS\WSLShell.cs:line 651&#xD;
   at FuseCP.Providers.OS.Shell.Exec(String command, Encoding encoding, Dictionary`2 environment) in D:\a\FuseCP\FuseCP\FuseCP\Sources\FuseCP.Providers.Base\OS\Shell.cs:line 410&#xD;
   at FuseCP.Tests.Kestrel..ctor(Component component, ValueTuple`2[] urls, WSLDistro wslDistro, Scheme readinessProtocol) in D:\a\FuseCP\FuseCP\FuseCP\Sources\FuseCP.Tests\Initialization\Kestrel.cs:line 76&#xD;
   at FuseCP.Tests.Servers.Start(ValueTuple`4 type) in D:\a\FuseCP\FuseCP\FuseCP\Sources\FuseCP.Tests\Initialization\Servers.cs:line 216&#xD;
   at FuseCP.Tests.Servers.Url(ValueTuple`4 type) in D:\a\FuseCP\FuseCP\FuseCP\Sources\FuseCP.Tests\Initialization\Servers.cs:line 240&#xD;
   at FuseCP.Tests.Servers.Url(Component component, Framework framework, Os os, Protocols protocol) in D:\a\FuseCP\FuseCP\FuseCP\Sources\FuseCP.Tests\Initialization\Servers.cs:line 257&#xD;
   at FuseCP.Server.Tests.Tests.Password(Protocols protocol, Framework framework, Os os) in D:\a\FuseCP\FuseCP\FuseCP\Sources\FuseCP.Server.Tests\Tests\Tests.cs:line 100&#xD;
   at InvokeStub_Tests.Password(Object, Span`1)&#xD;
   at System.Reflection.MethodBaseInvoker.InvokeWithFewArgs(Object obj, BindingFlags invokeAttr, Binder binder, Object[] parameters, CultureInfo culture)&#xD;
</StackTrace>
        </ErrorInfo>
      </Output>
    </UnitTestResult>
    <UnitTestResult executionId="99b608bc-490b-4644-a76c-a1d7e3580b0c" testId="18c3bbe2-04cc-8721-859c-57ed54412647" testName="AnonymousWithSoapHeader (NetHttps,Core,Windows)" computerName="runnervmxu3fp" duration="00:00:00.3682206" startTime="2026-04-20T20:14:30.9005800+00:00" endTime="2026-04-20T20:14:31.2688794+00:00" testType="13cdc9d9-ddb5-4fa4-a97d-d965ccfc6d4b" outcome="Failed" testListId="8c84fa94-04c1-424b-9868-57a2d4851a1d" relativeResultsDirectory="99b608bc-490b-4644-a76c-a1d7e3580b0c">
      <Output>
        <StdOut>Windows&gt;dotnet dev-certs httpsWindows/Kestrel&gt;A valid HTTPS certificate is already present.&#xD;
Windows&gt;"C:\Program Files\dotnet\dotnet.exe" "D:\a\FuseCP\FuseCP\FuseCP\Sources\FuseCP.Server\bin_dotnet\FuseCP.Server.dll" --urls "http://localhost:9005;https://localhost:9055"</StdOut>
        <ErrorInfo>
          <Message>Test method FuseCP.Server.Tests.Tests.AnonymousWithSoapHeader threw exception:&#xD;
System.ArgumentException: Arguments contain invalid shell meta characters. (Parameter 'cmd')</Message>
          <StackTrace>   at FuseCP.Providers.OS.Shell.ExecAsync(String cmd, Encoding encoding, Dictionary`2 environment) in D:\a\FuseCP\FuseCP\FuseCP\Sources\FuseCP.Providers.Base\OS\Shell.cs:line 300&#xD;
   at FuseCP.Tests.Kestrel..ctor(Component component, ValueTuple`2[] urls, WSLDistro wslDistro, Scheme readinessProtocol) in D:\a\FuseCP\FuseCP\FuseCP\Sources\FuseCP.Tests\Initialization\Kestrel.cs:line 127&#xD;
   at FuseCP.Tests.Servers.Start(ValueTuple`4 type) in D:\a\FuseCP\FuseCP\FuseCP\Sources\FuseCP.Tests\Initialization\Servers.cs:line 211&#xD;
   at FuseCP.Tests.Servers.Url(ValueTuple`4 type) in D:\a\FuseCP\FuseCP\FuseCP\Sources\FuseCP.Tests\Initialization\Servers.cs:line 240&#xD;
   at FuseCP.Tests.Servers.Url(Component component, Framework framework, Os os, Protocols protocol) in D:\a\FuseCP\FuseCP\FuseCP\Sources\FuseCP.Tests\Initialization\Servers.cs:line 257&#xD;
   at FuseCP.Server.Tests.Tests.AnonymousWithSoapHeader(Protocols protocol, Framework framework, Os os) in D:\a\FuseCP\FuseCP\FuseCP\Sources\FuseCP.Server.Tests\Tests\Tests.cs:line 204&#xD;
   at InvokeStub_Tests.AnonymousWithSoapHeader(Object, Span`1)&#xD;
   at System.Reflection.MethodBaseInvoker.InvokeWithFewArgs(Object obj, BindingFlags invokeAttr, Binder binder, Object[] parameters, CultureInfo culture)&#xD;
</StackTrace>
        </ErrorInfo>
      </Output>
    </UnitTestResult>
    <UnitTestResult executionId="1af305dd-32db-4d80-b56c-1a899568c4c0" testId="11890f54-fb70-8a8d-82f0-2aa4fa7dab0e" testName="AutoDiscovery (NetHttp,NetFramework,Windows)" computerName="runnervmxu3fp" duration="00:00:00.4600682" startTime="2026-04-20T20:14:17.4440865+00:00" endTime="2026-04-20T20:14:17.9042810+00:00" testType="13cdc9d9-ddb5-4fa4-a97d-d965ccfc6d4b" outcome="Failed" testListId="8c84fa94-04c1-424b-9868-57a2d4851a1d" relativeResultsDirectory="1af305dd-32db-4d80-b56c-1a899568c4c0">
      <Output>
        <StdOut>Windows&gt;dotnet dev-certs httpsWindows/Kestrel&gt;A valid HTTPS certificate is already present.&#xD;
Windows&gt;"C:\Program Files\dotnet\dotnet.exe" "D:\a\FuseCP\FuseCP\FuseCP\Sources\FuseCP.Server\bin_dotnet\FuseCP.Server.dll" --urls "http://localhost:9000;https://localhost:44305"</StdOut>
        <ErrorInfo>
          <Message>Test method FuseCP.Server.Tests.Tests.AutoDiscovery threw exception:&#xD;
System.ArgumentException: Arguments contain invalid shell meta characters. (Parameter 'cmd')</Message>
          <StackTrace>   at FuseCP.Providers.OS.Shell.ExecAsync(String cmd, Encoding encoding, Dictionary`2 environment) in D:\a\FuseCP\FuseCP\FuseCP\Sources\FuseCP.Providers.Base\OS\Shell.cs:line 300&#xD;
   at FuseCP.Tests.Kestrel..ctor(Component component, ValueTuple`2[] urls, WSLDistro wslDistro, Scheme readinessProtocol) in D:\a\FuseCP\FuseCP\FuseCP\Sources\FuseCP.Tests\Initialization\Kestrel.cs:line 127&#xD;
   at FuseCP.Tests.Servers.Start(ValueTuple`4 type) in D:\a\FuseCP\FuseCP\FuseCP\Sources\FuseCP.Tests\Initialization\Servers.cs:line 208&#xD;
   at FuseCP.Tests.Servers.Url(ValueTuple`4 type) in D:\a\FuseCP\FuseCP\FuseCP\Sources\FuseCP.Tests\Initialization\Servers.cs:line 240&#xD;
   at FuseCP.Tests.Servers.Url(Component component, Framework framework, Os os, Protocols protocol) in D:\a\FuseCP\FuseCP\FuseCP\Sources\FuseCP.Tests\Initialization\Servers.cs:line 257&#xD;
   at FuseCP.Server.Tests.Tests.AutoDiscovery(Protocols protocol, Framework framework, Os os) in D:\a\FuseCP\FuseCP\FuseCP\Sources\FuseCP.Server.Tests\Tests\Tests.cs:line 57&#xD;
   at InvokeStub_Tests.AutoDiscovery(Object, Span`1)&#xD;
   at System.Reflection.MethodBaseInvoker.InvokeWithFewArgs(Object obj, BindingFlags invokeAttr, Binder binder, Object[] parameters, CultureInfo culture)&#xD;
</StackTrace>
        </ErrorInfo>
      </Output>
    </UnitTestResult>
    <UnitTestResult executionId="0a50eadb-5dd1-42ba-b880-f2ab8c90a0b7" testId="19e08852-ccfb-86b1-95ea-033be9e84b2e" testName="Echo (BasicHttp,Core,Windows)" computerName="runnervmxu3fp" duration="00:00:00.3537802" startTime="2026-04-20T20:14:27.2673810+00:00" endTime="2026-04-20T20:14:27.6212639+00:00" testType="13cdc9d9-ddb5-4fa4-a97d-d965ccfc6d4b" outcome="Failed" testListId="8c84fa94-04c1-424b-9868-57a2d4851a1d" relativeResultsDirectory="0a50eadb-5dd1-42ba-b880-f2ab8c90a0b7">
      <Output>
        <StdOut>Windows&gt;dotnet dev-certs httpsWindows/Kestrel&gt;A valid HTTPS certificate is already present.&#xD;
[...]
      <TestMethod codeBase="D:\a\FuseCP\FuseCP\FuseCP\Sources\FuseCP.Server.Tests\bin\Release\net10.0\FuseCP.Server.Tests.dll" adapterTypeName="executor://mstestadapter/v4" className="FuseCP.Server.Tests.Tests" name="Password" />
    </UnitTest>
    <UnitTest name="WrongPassword (WSHttps,Core,Ubuntu)" storage="d:\a\fusecp\fusecp\fusecp\sources\fusecp.server.tests\bin\release\net10.0\fusecp.server.tests.dll" id="1ab24ca4-2481-8bea-90ae-a2ef333d98eb">
      <Execution id="2f20cdfd-7845-49cb-a96e-454282a90831" />
      <TestMethod codeBase="D:\a\FuseCP\FuseCP\FuseCP\Sources\FuseCP.Server.Tests\bin\Release\net10.0\FuseCP.Server.Tests.dll" adapterTypeName="executor://mstestadapter/v4" className="FuseCP.Server.Tests.Tests" name="WrongPassword" />
    </UnitTest>
    <UnitTest name="AutoDiscovery (NetHttp,NetFramework,Windows)" storage="d:\a\fusecp\fusecp\fusecp\sources\fusecp.server.tests\bin\release\net10.0\fusecp.server.tests.dll" id="11890f54-fb70-8a8d-82f0-2aa4fa7dab0e">
      <Execution id="1af305dd-32db-4d80-b56c-1a899568c4c0" />
      <TestMethod codeBase="D:\a\FuseCP\FuseCP\FuseCP\Sources\FuseCP.Server.Tests\bin\Release\net10.0\FuseCP.Server.Tests.dll" adapterTypeName="executor://mstestadapter/v4" className="FuseCP.Server.Tests.Tests" name="AutoDiscovery" />
    </UnitTest>
    <UnitTest name="WrongPassword (NetHttp,Core,Windows)" storage="d:\a\fusecp\fusecp\fusecp\sources\fusecp.server.tests\bin\release\net10.0\fusecp.server.tests.dll" id="1a136cd5-68dc-8a4b-95fe-757c92d55fd7">
      <Execution id="a5f66a4f-1262-4038-91db-9586198bb920" />
      <TestMethod codeBase="D:\a\FuseCP\FuseCP\FuseCP\Sources\FuseCP.Server.Tests\bin\Release\net10.0\FuseCP.Server.Tests.dll" adapterTypeName="executor://mstestadapter/v4" className="FuseCP.Server.Tests.Tests" name="WrongPassword" />
    </UnitTest>
    <UnitTest name="WrongPassword (NetHttps,NetFramework,Windows)" storage="d:\a\fusecp\fusecp\fusecp\sources\fusecp.server.tests\bin\release\net10.0\fusecp.server.tests.dll" id="1755f376-497e-8827-8e8a-2af9635d6bc1">
      <Execution id="a25999fc-070d-4a2c-b6bb-cba998cae0fa" />
      <TestMethod codeBase="D:\a\FuseCP\FuseCP\FuseCP\Sources\FuseCP.Server.Tests\bin\Release\net10.0\FuseCP.Server.Tests.dll" adapterTypeName="executor://mstestadapter/v4" className="FuseCP.Server.Tests.Tests" name="WrongPassword" />
    </UnitTest>
    <UnitTest name="Echo (NetHttp,NetFramework,Windows)" storage="d:\a\fusecp\fusecp\fusecp\sources\fusecp.server.tests\bin\release\net10.0\fusecp.server.tests.dll" id="17f0ad98-7798-801f-a2f3-50e77c0b66d0">
      <Execution id="cba46ab0-d583-44a5-b49d-e1cd55ec3351" />
      <TestMethod codeBase="D:\a\FuseCP\FuseCP\FuseCP\Sources\FuseCP.Server.Tests\bin\Release\net10.0\FuseCP.Server.Tests.dll" adapterTypeName="executor://mstestadapter/v4" className="FuseCP.Server.Tests.Tests" name="Echo" />
    </UnitTest>
    <UnitTest name="Password (BasicHttps,Core,Windows)" storage="d:\a\fusecp\fusecp\fusecp\sources\fusecp.server.tests\bin\release\net10.0\fusecp.server.tests.dll" id="16e8b4ea-fc8a-8433-937e-3c6670571d86">
      <Execution id="362ff0df-3055-4d2a-a781-cba3ca9545c0" />
      <TestMethod codeBase="D:\a\FuseCP\FuseCP\FuseCP\Sources\FuseCP.Server.Tests\bin\Release\net10.0\FuseCP.Server.Tests.dll" adapterTypeName="executor://mstestadapter/v4" className="FuseCP.Server.Tests.Tests" name="Password" />
    </UnitTest>
  </TestDefinitions>
  <TestEntries>
    <TestEntry testId="1beb0e29-863a-8abb-bb66-89eac6971afc" executionId="03b4e544-721c-4d8d-95fb-9d4b6fa5366a" testListId="8c84fa94-04c1-424b-9868-57a2d4851a1d" />
    <TestEntry testId="1b6b492c-d927-8c06-a65c-841e3718a64a" executionId="96917631-d3d7-4327-b9d2-c33a71c3d3bf" testListId="8c84fa94-04c1-424b-9868-57a2d4851a1d" />
    <TestEntry testId="1bb6b8f7-a56a-85c9-8c20-796c0ee072c2" executionId="3ec1819e-fa06-4d87-b741-0c21263cc17d" testListId="8c84fa94-04c1-424b-9868-57a2d4851a1d" />
    <TestEntry testId="19980e55-894e-8400-b12d-fb832b363206" executionId="4924e5a3-7ea4-4c11-b4df-c4a4c82c456b" testListId="8c84fa94-04c1-424b-9868-57a2d4851a1d" />
    <TestEntry testId="1aee063c-f564-8073-8019-40e65dc0e9b0" executionId="9d260806-e90e-4a0c-92b6-cb8fad608af2" testListId="8c84fa94-04c1-424b-9868-57a2d4851a1d" />
    <TestEntry testId="1da3c5f3-d8b1-8822-bc1b-40ea2bcc9e91" executionId="53f35937-a028-4ca8-a55a-264ae5306bd6" testListId="8c84fa94-04c1-424b-9868-57a2d4851a1d" />
    <TestEntry testId="1a2cab1c-83d7-8c33-ae3b-d62ed573e377" executionId="b288f1dc-c882-4fee-88f3-95ab261cb890" testListId="8c84fa94-04c1-424b-9868-57a2d4851a1d" />
    <TestEntry testId="1551ad2a-d1a7-8c2b-8691-223714e7854f" executionId="685473b7-0480-4b3d-828c-351f2c174903" testListId="8c84fa94-04c1-424b-9868-57a2d4851a1d" />
    <TestEntry testId="15b17008-0067-8706-9d05-a2bac299d54a" executionId="cc70bdc6-9753-4fd9-a7c3-53fe9afae72c" testListId="8c84fa94-04c1-424b-9868-57a2d4851a1d" />
    <TestEntry testId="1fe6be80-34d7-8803-85dc-d56941f62a4b" executionId="20c0b806-ebef-4365-8bbc-a02f22ff6ce0" testListId="8c84fa94-04c1-424b-9868-57a2d4851a1d" />
    <TestEntry testId="1cd4c019-0ac6-8423-99dd-d93c092af4f0" executionId="94ad617b-77cc-41fb-a4ce-9bf41193875d" testListId="8c84fa94-04c1-424b-9868-57a2d4851a1d" />
    <TestEntry testId="15071d6a-cd3b-8cb7-b9cb-80737d2e3600" executionId="97419996-46a4-47c1-a098-51c0fbd89462" testListId="8c84fa94-04c1-424b-9868-57a2d4851a1d" />
    <TestEntry testId="18a04b21-ec54-8c68-9653-e06d0814e340" executionId="0bccade3-48f3-44af-ab4e-0456aff91d89" testListId="8c84fa94-04c1-424b-9868-57a2d4851a1d" />
    <TestEntry testId="1f4174e5-eee8-87df-85b4-51e2b9282731" executionId="f577b398-f432-4018-9181-59c1d8a255c9" testListId="8c84fa94-04c1-424b-9868-57a2d4851a1d" />
    <TestEntry testId="16fc05b1-6073-8c02-9a58-f95106031c3f" executionId="41d34be9-7586-4cb6-b52b-369045ad1900" testListId="8c84fa94-04c1-424b-9868-57a2d4851a1d" />
    <TestEntry testId="10f1fadc-34a0-8191-83e1-2c3c92657345" executionId="db6c33a0-90c1-402b-9203-e383a87f5aa5" testListId="8c84fa94-04c1-424b-9868-57a2d4851a1d" />
    <TestEntry testId="1ad4dbfe-2ece-803c-a7cf-b76bac04d088" executionId="f45cdacb-b1d3-49e2-86f0-5fcfdc10e89b" testListId="8c84fa94-04c1-424b-9868-57a2d4851a1d" />
    <TestEntry testId="1a2cfdf5-43b5-8c1c-a166-36ddadd67f03" executionId="866213e0-7c0d-493b-b3d9-2b2058ebdeed" testListId="8c84fa94-04c1-424b-9868-57a2d4851a1d" />
    <TestEntry testId="12b5acdb-90e7-894a-9d86-f9c2457b6d8d" executionId="7b1362cd-1571-4758-8803-151da0b1caa3" testListId="8c84fa94-04c1-424b-9868-57a2d4851a1d" />
    <TestEntry testId="1a6553d8-22fc-86b3-ab56-d94895de0faa" executionId="1eeddb8d-2941-4171-b16e-f1adf305fd6c" testListId="8c84fa94-04c1-424b-9868-57a2d4851a1d" />
    <TestEntry testId="1522a0b0-1a61-810a-bf51-442a3cbd6194" executionId="0310e124-1d10-4b25-a3e8-22c1c85c8c0d" testListId="8c84fa94-04c1-424b-9868-57a2d4851a1d" />
    <TestEntry testId="1d506e40-5685-87bf-9f2a-7d7a3b320f4a" executionId="5a418506-d0d0-49f5-a803-ee51c06e7cfa" testListId="8c84fa94-04c1-424b-9868-57a2d4851a1d" />
    <TestEntry testId="17f0ad98-7798-801f-a2f3-50e77c0b66d0" executionId="cba46ab0-d583-44a5-b49d-e1cd55ec3351" testListId="8c84fa94-04c1-424b-9868-57a2d4851a1d" />
    <TestEntry testId="13505c0d-2912-84eb-b1e0-57bd74e16c5b" executionId="7c6575e4-0ce4-4be7-a665-5bcb00181f90" testListId="8c84fa94-04c1-424b-9868-57a2d4851a1d" />
    <TestEntry testId="1f4c2e26-5188-8d1c-816c-bcbd62ceb687" executionId="ac9fc20e-334f-4ebd-bbe6-9ff28cadafd3" testListId="8c84fa94-04c1-424b-9868-57a2d4851a1d" />
    <TestEntry testId="10829576-779f-826b-bf0c-cf10564bf65f" executionId="8b226014-7b07-4e96-8e7e-af0a63076492" testListId="8c84fa94-04c1-424b-9868-57a2d4851a1d" />
    <TestEntry testId="1ab24ca4-2481-8bea-90ae-a2ef333d98eb" executionId="2f20cdfd-7845-49cb-a96e-454282a90831" testListId="8c84fa94-04c1-424b-9868-57a2d4851a1d" />
    <TestEntry testId="15afa593-44d4-87a1-bf4d-7967cfc29434" executionId="ad9b2789-a73d-4549-897a-838bc57ecf40" testListId="8c84fa94-04c1-424b-9868-57a2d4851a1d" />
    <TestEntry testId="12b40b1d-4c9c-8576-8469-891d5af3e785" executionId="ebb94c8e-be81-4da0-ac9f-7b58f4aa7e0d" testListId="8c84fa94-04c1-424b-9868-57a2d4851a1d" />
    <TestEntry testId="181c6b4f-d5c5-81ea-a832-9bfe53add06f" executionId="92f4768a-2703-4c80-a831-f90d83935286" testListId="8c84fa94-04c1-424b-9868-57a2d4851a1d" />
    <TestEntry testId="1cd73c3d-a143-816d-abf3-a903e2c9711b" executionId="5a914216-f6b9-4d5e-b35e-ffc4d7af3d01" testListId="8c84fa94-04c1-424b-9868-57a2d4851a1d" />
    <TestEntry testId="165f7a61-3774-8168-8fc1-404f01bc6efb" executionId="7f4fce46-1c0a-43f7-b83b-3823cca58dea" testListId="8c84fa94-04c1-424b-9868-57a2d4851a1d" />
    <TestEntry testId="1755f376-497e-8827-8e8a-2af9635d6bc1" executionId="a25999fc-070d-4a2c-b6bb-cba998cae0fa" testListId="8c84fa94-04c1-424b-9868-57a2d4851a1d" />
    <TestEntry testId="15462007-a514-8f79-8031-241149cb5280" executionId="7b1f4f89-9467-456c-8d67-8b73aea3a55b" testListId="8c84fa94-04c1-424b-9868-57a2d4851a1d" />
    <TestEntry testId="18c3bbe2-04cc-8721-859c-57ed54412647" executionId="99b608bc-490b-4644-a76c-a1d7e3580b0c" testListId="8c84fa94-04c1-424b-9868-57a2d4851a1d" />
    <TestEntry testId="11890f54-fb70-8a8d-82f0-2aa4fa7dab0e" executionId="1af305dd-32db-4d80-b56c-1a899568c4c0" testListId="8c84fa94-04c1-424b-9868-57a2d4851a1d" />
    <TestEntry testId="19e08852-ccfb-86b1-95ea-033be9e84b2e" executionId="0a50eadb-5dd1-42ba-b880-f2ab8c90a0b7" testListId="8c84fa94-04c1-424b-9868-57a2d4851a1d" />
    <TestEntry testId="14ddf240-5d95-8d57-be10-378d2712b051" executionId="4bf2d975-0096-497b-87ab-337ef9cb0aa0" testListId="8c84fa94-04c1-424b-9868-57a2d4851a1d" />
    <TestEntry testId="16b11793-0f80-8917-881e-d3921c0884e4" executionId="c9db4c50-1599-4893-86ad-248892b0aef9" testListId="8c84fa94-04c1-424b-9868-57a2d4851a1d" />
    <TestEntry testId="147e5336-7b5d-8599-a21c-ac8b3b03a806" executionId="3ee9e640-ec6c-4b62-b159-a313f27f26c6" testListId="8c84fa94-04c1-424b-9868-57a2d4851a1d" />
    <TestEntry testId="18a57754-1592-8899-8c51-b3bd7cb0ce4c" executionId="7d8f9ecb-3e48-4331-b68c-d3a9d05e58b6" testListId="8c84fa94-04c1-424b-9868-57a2d4851a1d" />
    <TestEntry testId="18363372-8907-816c-80c8-7456865dc08f" executionId="90093a9a-b91b-48a3-b1b6-5440d06a7329" testListId="8c84fa94-04c1-424b-9868-57a2d4851a1d" />
    <TestEntry testId="173bd2b3-3090-8232-9d20-1e715bd5d97e" executionId="0127c1a0-347f-4b67-b1f8-71d56934a68c" testListId="8c84fa94-04c1-424b-9868-57a2d4851a1d" />
    <TestEntry testId="164945b5-f2af-8722-84bd-bc8e99248235" executionId="7f7012b8-d022-4bf9-9d99-cc4b364a06a5" testListId="8c84fa94-04c1-424b-9868-57a2d4851a1d" />
    <TestEntry testId="17aadbde-b607-8440-a918-025ec0de1b8b" executionId="4a1ca267-fb71-4097-914f-f61f6ba7deb2" testListId="8c84fa94-04c1-424b-9868-57a2d4851a1d" />
    <TestEntry testId="1799fe69-e45f-875a-bd2f-33f277c586bf" executionId="8615704b-6efc-4924-9570-bd03d62e0af9" testListId="8c84fa94-04c1-424b-9868-57a2d4851a1d" />
    <TestEntry testId="13cb3b04-41c2-8ac7-be93-e7d620b4fcce" executionId="ee8856c9-1081-47e0-9742-f8ce48981354" testListId="8c84fa94-04c1-424b-9868-57a2d4851a1d" />
    <TestEntry testId="196fbab7-6e55-8cc5-982e-97009327b629" executionId="65a796ea-2ea0-40d0-932f-c78145c24e12" testListId="8c84fa94-04c1-424b-9868-57a2d4851a1d" />
    <TestEntry testId="1227ed8b-6f5e-89c0-902b-6277aa087856" executionId="0f8b9f5c-f78f-48b5-b356-cba94bf82377" testListId="8c84fa94-04c1-424b-9868-57a2d4851a1d" />
    <TestEntry testId="19aafff9-5e38-80d5-b1ff-e49c083e38cc" executionId="12dd3616-0625-4f05-bca9-1973bfb0ab05" testListId="8c84fa94-04c1-424b-9868-57a2d4851a1d" />
    <TestEntry testId="10dfb8e5-3302-85e6-b297-9813c5d6daef" executionId="3233c866-ea60-452a-a641-b616324edfff" testListId="8c84fa94-04c1-424b-9868-57a2d4851a1d" />
    <TestEntry testId="1c9bec38-c1e1-8ac1-aae8-51bf75326402" executionId="767c4d3b-a1ae-461f-8b8c-f91c0bf85e02" testListId="8c84fa94-04c1-424b-9868-57a2d4851a1d" />
    <TestEntry testId="1190d153-dc17-8390-a6f3-42c0d01b376a" executionId="3b576b3a-5995-4436-a7a4-ad3bb02f4816" testListId="8c84fa94-04c1-424b-9868-57a2d4851a1d" />
    <TestEntry testId="1a6a6a79-140d-88e5-ae0c-23197baa01ba" executionId="3171c256-b744-45c1-b31a-9d4d7a92770e" testListId="8c84fa94-04c1-424b-9868-57a2d4851a1d" />
    <TestEntry testId="19b014d7-18b9-8e69-88b3-2f18e83cb79b" executionId="5da7edf6-44c8-4041-b320-6504fe864992" testListId="8c84fa94-04c1-424b-9868-57a2d4851a1d" />
    <TestEntry testId="16b7c1da-bfe6-8568-8dd3-2f2bfe9f293f" executionId="c434e4f9-55a8-4b9f-97fc-aaeb3fc21f6e" testListId="8c84fa94-04c1-424b-9868-57a2d4851a1d" />
    <TestEntry testId="195c03de-627b-8493-8361-a52a864a17d1" executionId="f67cae67-00c1-4d7e-a48f-093b11317875" testListId="8c84fa94-04c1-424b-9868-57a2d4851a1d" />
    <TestEntry testId="1da146af-c76d-86ec-bc4e-241c4b84a0f5" executionId="8bd820c8-b6b9-4ccd-876e-ba9033ecf9f2" testListId="8c84fa94-04c1-424b-9868-57a2d4851a1d" />
    <TestEntry testId="1806bab5-5eea-85f0-a4f3-eb23beeb06a8" executionId="8dad2b76-a709-4e7b-bc86-c2b99040da13" testListId="8c84fa94-04c1-424b-9868-57a2d4851a1d" />
    <TestEntry testId="1d8bc93f-2a9f-88e4-9409-30e0799f1eb2" executionId="73a024f4-c648-4f85-8dc7-bd29e09a9954" testListId="8c84fa94-04c1-424b-9868-57a2d4851a1d" />
    <TestEntry testId="1d932320-bcc3-8aad-9015-938a774fa8cb" executionId="44c35d83-3e46-4cc2-8753-16e02d3745d4" testListId="8c84fa94-04c1-424b-9868-57a2d4851a1d" />
    <TestEntry testId="16e8b4ea-fc8a-8433-937e-3c6670571d86" executionId="362ff0df-3055-4d2a-a781-cba3ca9545c0" testListId="8c84fa94-04c1-424b-9868-57a2d4851a1d" />
    <TestEntry testId="14da7b7a-c586-8b48-a2b5-2f49bacdc3fe" executionId="027cce0e-dba6-4a9e-a9dc-eb067894c3b5" testListId="8c84fa94-04c1-424b-9868-57a2d4851a1d" />
    <TestEntry testId="18a5c56c-780c-8915-9e62-88635d22879e" executionId="d8d453db-67aa-4eea-91de-ac36df88a3fe" testListId="8c84fa94-04c1-424b-9868-57a2d4851a1d" />
    <TestEntry testId="19d36e14-5b59-857b-9222-333dfbc089f6" executionId="3fc2e9e9-eaab-4a02-b09f-211602aebc3d" testListId="8c84fa94-04c1-424b-9868-57a2d4851a1d" />
    <TestEntry testId="1a83d990-61c2-8a9b-a24a-74222a910e01" executionId="b6578848-9e68-464d-b17a-3983a8159d36" testListId="8c84fa94-04c1-424b-9868-57a2d4851a1d" />
    <TestEntry testId="190cbce5-4dea-8e73-8b49-de03bc45cc3c" executionId="e4fd6e2e-3d62-418c-a6fb-b1baff63c3d3" testListId="8c84fa94-04c1-424b-9868-57a2d4851a1d" />
    <TestEntry testId="1a2c501f-50e6-86de-bacf-f05939a7ef3e" executionId="5f62ae5c-003f-4132-b276-140098306a44" testListId="8c84fa94-04c1-424b-9868-57a2d4851a1d" />
    <TestEntry testId="1fa0fbbf-b870-8d93-8169-bbec808a5b71" executionId="0be576cb-1ca5-4ba3-b992-7e6e5d5f6419" testListId="8c84fa94-04c1-424b-9868-57a2d4851a1d" />
    <TestEntry testId="10c9b84f-6ca2-8c75-a789-73ae6738dd37" executionId="8345a743-63d6-49e6-bce9-74bc6ddbd1af" testListId="8c84fa94-04c1-424b-9868-57a2d4851a1d" />
    <TestEntry testId="17992421-3709-8acb-bfb7-3df6865e9231" executionId="c86f8cbf-ac78-428b-bdc5-fce14734f4c7" testListId="8c84fa94-04c1-424b-9868-57a2d4851a1d" />
    <TestEntry testId="16fcab81-7b41-8a34-81f5-50ad99a9f483" executionId="bbc49674-3b4c-48e6-8e93-a1d456aff079" testListId="8c84fa94-04c1-424b-9868-57a2d4851a1d" />
    <TestEntry testId="14cbd5a6-31f1-8d08-8ddd-7420d4b9f352" executionId="3ce07821-8fc0-4805-ac25-612be32c7874" testListId="8c84fa94-04c1-424b-9868-57a2d4851a1d" />
    <TestEntry testId="1962640d-5ede-88d3-8adf-8e44fa3db7be" executionId="8082274d-1b12-4f3c-8e01-4797ea4c1612" testListId="8c84fa94-04c1-424b-9868-57a2d4851a1d" />
    <TestEntry testId="1584f1ec-5298-840b-a824-bbd09ed18370" executionId="e3ed4700-84b6-4819-88ad-365760747faa" testListId="8c84fa94-04c1-424b-9868-57a2d4851a1d" />
    <TestEntry testId="18fdd9ff-fd2f-83c1-a83f-0c2ac4c58867" executionId="62aca2f7-d80d-4503-b456-924d99101c4b" testListId="8c84fa94-04c1-424b-9868-57a2d4851a1d" />
    <TestEntry testId="1f5ffe9c-7d56-86b2-90dd-93e1a231da08" executionId="8ce04030-cc71-4bd8-9b9a-70cbe5e0d654" testListId="8c84fa94-04c1-424b-9868-57a2d4851a1d" />
    <TestEntry testId="19545fc9-b986-85a2-8ef2-1d21fc473aee" executionId="fbe00bbe-6441-45df-8722-98cdb00fd5ca" testListId="8c84fa94-04c1-424b-9868-57a2d4851a1d" />
    <TestEntry testId="10bbbd11-c521-8f67-80fa-5cf25bd379ac" executionId="df5ab5ae-3de3-4d1c-9475-c6bdecfa121f" testListId="8c84fa94-04c1-424b-9868-57a2d4851a1d" />
    <TestEntry testId="176f3ac3-0072-8195-8460-2e29e72ef03c" executionId="c4f80396-3a80-496b-a83d-90b5f4246bf1" testListId="8c84fa94-04c1-424b-9868-57a2d4851a1d" />
    <TestEntry testId="19629fd8-4f0c-8d3c-9458-8a100bb28525" executionId="bfd68abc-8db4-4ba8-94de-e3767e0c17ca" testListId="8c84fa94-04c1-424b-9868-57a2d4851a1d" />
    <TestEntry testId="15aaac16-125e-8633-98a2-78cc9342850f" executionId="25705b64-4fdb-44e9-9133-f32f18bfabf5" testListId="8c84fa94-04c1-424b-9868-57a2d4851a1d" />
    <TestEntry testId="1c72ce05-8b20-8378-aa8a-db9bb68031d3" executionId="7afac897-aa7f-4d5c-82df-2e2358218f36" testListId="8c84fa94-04c1-424b-9868-57a2d4851a1d" />
    <TestEntry testId="1cd2eebb-0b95-83ef-94e6-0b826147c386" executionId="41f6cbf7-5fee-4e87-a70c-fced0d84ac0d" testListId="8c84fa94-04c1-424b-9868-57a2d4851a1d" />
    <TestEntry testId="112547d1-69c3-80a9-b0d0-1eaf9fd115cd" executionId="d2f5ec5e-82e8-4f55-a29e-18e192ee0ba6" testListId="8c84fa94-04c1-424b-9868-57a2d4851a1d" />
    <TestEntry testId="1a1bef81-2b5f-8d96-aee8-d2300f8fb908" executionId="2c187439-fc6d-4011-a56c-a9f35546775d" testListId="8c84fa94-04c1-424b-9868-57a2d4851a1d" />
    <TestEntry testId="140bf7c5-f100-8b59-a0b6-1fa66ba7675f" executionId="31dbee73-6532-48a5-9976-148ce45ecb67" testListId="8c84fa94-04c1-424b-9868-57a2d4851a1d" />
    <TestEntry testId="1ef09beb-ba77-885b-bb42-53615a3bf05b" executionId="0f610707-7708-4117-b5a7-b474787503a2" testListId="8c84fa94-04c1-424b-9868-57a2d4851a1d" />
    <TestEntry testId="10244500-2572-8352-b564-693e77eb8e76" executionId="55938582-6e5e-4b99-9760-c82d9d922135" testListId="8c84fa94-04c1-424b-9868-57a2d4851a1d" />
    <TestEntry testId="1b0ab1b1-e742-8b97-990d-25e00aabec6d" executionId="c07ce416-defa-46de-98f6-a5d9974e3cce" testListId="8c84fa94-04c1-424b-9868-57a2d4851a1d" />
    <TestEntry testId="11be1a06-b1a3-8fb8-9611-40038a50b4ce" executionId="bc74376f-3f1c-4c0f-bced-fd7aa29ac5b1" testListId="8c84fa94-04c1-424b-9868-57a2d4851a1d" />
    <TestEntry testId="102d3730-4f5f-84cf-95da-d43478dcc22f" executionId="82d22c3d-d04c-4a5a-9fbe-94cf77661866" testListId="8c84fa94-04c1-424b-9868-57a2d4851a1d" />
    <TestEntry testId="1224e263-093b-8b3f-9f0d-b22f3cb2d882" executionId="e2611cb8-06d4-4d67-9dc0-bd9e8a5443bd" testListId="8c84fa94-04c1-424b-9868-57a2d4851a1d" />
    <TestEntry testId="1a136cd5-68dc-8a4b-95fe-757c92d55fd7" executionId="a5f66a4f-1262-4038-91db-9586198bb920" testListId="8c84fa94-04c1-424b-9868-57a2d4851a1d" />
    <TestEntry testId="1ca5bab1-f735-8fef-b7be-2aac7cdc82fb" executionId="48bf413c-d225-4f43-88d4-774799f0b8e5" testListId="8c84fa94-04c1-424b-9868-57a2d4851a1d" />
    <TestEntry testId="155aeef8-30f9-8211-b49d-265fc89b5394" executionId="24d93ee0-724f-4965-bc92-17208a038f2a" testListId="8c84fa94-04c1-424b-9868-57a2d4851a1d" />
    <TestEntry testId="171adf90-dd9b-8333-83f4-bd0ab971a84e" executionId="08ead17f-7c4b-4e0e-80c8-d616f92d3c44" testListId="8c84fa94-04c1-424b-9868-57a2d4851a1d" />
  </TestEntries>
  <TestLists>
    <TestList name="Results Not in a List" id="8c84fa94-04c1-424b-9868-57a2d4851a1d" />
    <TestList name="All Loaded Results" id="19431567-8539-422a-85d7-44ee4e166bda" />
  </TestLists>
  <ResultSummary outcome="Failed">
    <Counters total="97" executed="97" passed="6" failed="91" error="0" timeout="0" aborted="0" inconclusive="0" passedButRunAborted="0" notRunnable="0" notExecuted="0" disconnected="0" warning="0" completed="0" inProgress="0" pending="0" />
  </ResultSummary>
</TestRun>